ELF Header:
  Magic:   7f 45 4c 46 02 01 01 00 00 00 00 00 00 00 00 00 
  Class:                             ELF64
  Data:                              2's complement, little endian
  Version:                           1 (current)
  OS/ABI:                            UNIX - System V
  ABI Version:                       0
  Type:                              DYN (Shared object file)
  Machine:                           Advanced Micro Devices X86-64
  Version:                           0x1
  Entry point address:               0x67f0
  Start of program headers:          64 (bytes into file)
  Start of section headers:          688168 (bytes into file)
  Flags:                             0x0
  Size of this header:               64 (bytes)
  Size of program headers:           56 (bytes)
  Number of program headers:         8
  Size of section headers:           64 (bytes)
  Number of section headers:         36
  Section header string table index: 35

Section Headers:
  [Nr] Name              Type             Address           Offset
       Size              EntSize          Flags  Link  Info  Align
  [ 0]                   NULL             0000000000000000  00000000
       0000000000000000  0000000000000000           0     0     0
  [ 1] .hash             HASH             0000000000000200  00000200
       00000000000004ec  0000000000000004   A       3     0     8
  [ 2] .gnu.hash         GNU_HASH         00000000000006f0  000006f0
       0000000000000400  0000000000000000   A       3     0     8
  [ 3] .dynsym           DYNSYM           0000000000000af0  00000af0
       0000000000001110  0000000000000018   A       4     1     8
  [ 4] .dynstr           STRTAB           0000000000001c00  00001c00
       000000000000183b  0000000000000000   A       0     0     1
  [ 5] .gnu.version      VERSYM           000000000000343c  0000343c
       000000000000016c  0000000000000002   A       3     0     2
  [ 6] .gnu.version_r    VERNEED          00000000000035a8  000035a8
       0000000000000070  0000000000000000   A       4     3     8
  [ 7] .rela.dyn         RELA             0000000000003618  00003618
       0000000000001548  0000000000000018   A       3     0     8
  [ 8] .rela.plt         RELA             0000000000004b60  00004b60
       0000000000000b88  0000000000000018  AI       3    22     8
  [ 9] .init             PROGBITS         0000000000006000  00006000
       000000000000001a  0000000000000000  AX       0     0     4
  [10] .plt              PROGBITS         0000000000006020  00006020
       00000000000007c0  0000000000000010  AX       0     0     16
  [11] .plt.got          PROGBITS         00000000000067e0  000067e0
       0000000000000010  0000000000000008  AX       0     0     8
  [12] .text             PROGBITS         00000000000067f0  000067f0
       000000000002cb31  0000000000000000  AX       0     0     16
  [13] .fini             PROGBITS         0000000000033324  00033324
       0000000000000009  0000000000000000  AX       0     0     4
  [14] .rodata           PROGBITS         0000000000034000  00034000
       0000000000010f9f  0000000000000000   A       0     0     32
  [15] .eh_frame_hdr     PROGBITS         0000000000044fa0  00044fa0
       0000000000000314  0000000000000000   A       0     0     4
  [16] .eh_frame         PROGBITS         00000000000452b8  000452b8
       000000000000279c  0000000000000000   A       0     0     8
  [17] .init_array       INIT_ARRAY       0000000000049330  00048330
       0000000000000008  0000000000000008  WA       0     0     8
  [18] .fini_array       FINI_ARRAY       0000000000049338  00048338
       0000000000000008  0000000000000008  WA       0     0     8
  [19] .data.rel.ro      PROGBITS         0000000000049340  00048340
       0000000000000a58  0000000000000000  WA       0     0     32
  [20] .dynamic          DYNAMIC          0000000000049d98  00048d98
       0000000000000230  0000000000000010  WA       4     0     8
  [21] .got              PROGBITS         0000000000049fc8  00048fc8
       0000000000000020  0000000000000008  WA       0     0     8
  [22] .got.plt          PROGBITS         000000000004a000  00049000
       00000000000003f0  0000000000000008  WA       0     0     8
  [23] .data             PROGBITS         000000000004a400  00049400
       0000000000001048  0000000000000000  WA       0     0     32
  [24] .bss              NOBITS           000000000004b460  0004a448
       00000000000168a8  0000000000000000  WA       0     0     32
  [25] .comment          PROGBITS         0000000000000000  0004a448
       0000000000000017  0000000000000001  MS       0     0     1
  [26] .debug_aranges    PROGBITS         0000000000000000  0004a45f
       0000000000000260  0000000000000000           0     0     1
  [27] .debug_info       PROGBITS         0000000000000000  0004a6bf
       00000000000381d1  0000000000000000           0     0     1
  [28] .debug_abbrev     PROGBITS         0000000000000000  00082890
       0000000000002265  0000000000000000           0     0     1
  [29] .debug_line       PROGBITS         0000000000000000  00084af5
       0000000000006b9c  0000000000000000           0     0     1
  [30] .debug_str        PROGBITS         0000000000000000  0008b691
       00000000000038a0  0000000000000001  MS       0     0     1
  [31] .debug_loc        PROGBITS         0000000000000000  0008ef31
       000000000001481c  0000000000000000           0     0     1
  [32] .debug_ranges     PROGBITS         0000000000000000  000a374d
       0000000000001250  0000000000000000           0     0     1
  [33] .symtab           SYMTAB           0000000000000000  000a49a0
       0000000000001938  0000000000000018          34    88     8
  [34] .strtab           STRTAB           0000000000000000  000a62d8
       0000000000001c0c  0000000000000000           0     0     1
  [35] .shstrtab         STRTAB           0000000000000000  000a7ee4
       0000000000000144  0000000000000000           0     0     1
Key to Flags:
  W (write), A (alloc), X (execute), M (merge), S (strings), I (info),
  L (link order), O (extra OS processing required), G (group), T (TLS),
  C (compressed), x (unknown), o (OS specific), E (exclude),
  l (large), p (processor specific)

There are no section groups in this file.

Program Headers:
  Type           Offset             VirtAddr           PhysAddr
                 FileSiz            MemSiz              Flags  Align
  LOAD           0x0000000000000000 0x0000000000000000 0x0000000000000000
                 0x00000000000056e8 0x00000000000056e8  R      1000
  LOAD           0x0000000000006000 0x0000000000006000 0x0000000000006000
                 0x000000000002d32d 0x000000000002d32d  R E    1000
  LOAD           0x0000000000034000 0x0000000000034000 0x0000000000034000
                 0x0000000000013a54 0x0000000000013a54  R      1000
  LOAD           0x0000000000048330 0x0000000000049330 0x0000000000049330
                 0x0000000000002118 0x00000000000189d8  RW     1000
  DYNAMIC        0x0000000000048d98 0x0000000000049d98 0x0000000000049d98
                 0x0000000000000230 0x0000000000000230  RW     8
  GNU_EH_FRAME   0x0000000000044fa0 0x0000000000044fa0 0x0000000000044fa0
                 0x0000000000000314 0x0000000000000314  R      4
  GNU_STACK      0x0000000000000000 0x0000000000000000 0x0000000000000000
                 0x0000000000000000 0x0000000000000000  RW     10
  GNU_RELRO      0x0000000000048330 0x0000000000049330 0x0000000000049330
                 0x0000000000000cd0 0x0000000000000cd0  R      1

 Section to Segment mapping:
  Segment Sections...
   00     .hash .gnu.hash .dynsym .dynstr .gnu.version .gnu.version_r .rela.dyn .rela.plt 
   01     .init .plt .plt.got .text .fini 
   02     .rodata .eh_frame_hdr .eh_frame 
   03     .init_array .fini_array .data.rel.ro .dynamic .got .got.plt .data .bss 
   04     .dynamic 
   05     .eh_frame_hdr 
   06     
   07     .init_array .fini_array .data.rel.ro .dynamic .got 

Dynamic section at offset 0x48d98 contains 31 entries:
  Tag        Type                         Name/Value
 0x0000000000000001 (NEEDED)             Shared library: [libgfortran.so.5]
 0x0000000000000001 (NEEDED)             Shared library: [libm.so.6]
 0x0000000000000001 (NEEDED)             Shared library: [libgcc_s.so.1]
 0x0000000000000001 (NEEDED)             Shared library: [libquadmath.so.0]
 0x0000000000000001 (NEEDED)             Shared library: [libc.so.6]
 0x000000000000000e (SONAME)             Library soname: [libdiscon.so]
 0x000000000000000f (RPATH)              Library rpath: [/nopt/nrel/ecom/hpacf/compilers/2020-07/spack/opt/spack/linux-centos7-skylake_avx512/gcc-8.4.0/gcc-8.4.0-2a3vha6hlw4xc5ja3jyhr7huzaxuw2kt/lib:/nopt/nrel/ecom/hpacf/compilers/2020-07/spack/opt/spack/linux-centos7-skylake_avx512/gcc-8.4.0/gcc-8.4.0-2a3vha6hlw4xc5ja3jyhr7huzaxuw2kt/lib64]
 0x000000000000000c (INIT)               0x6000
 0x000000000000000d (FINI)               0x33324
 0x0000000000000019 (INIT_ARRAY)         0x49330
 0x000000000000001b (INIT_ARRAYSZ)       8 (bytes)
 0x000000000000001a (FINI_ARRAY)         0x49338
 0x000000000000001c (FINI_ARRAYSZ)       8 (bytes)
 0x0000000000000004 (HASH)               0x200
 0x000000006ffffef5 (GNU_HASH)           0x6f0
 0x0000000000000005 (STRTAB)             0x1c00
 0x0000000000000006 (SYMTAB)             0xaf0
 0x000000000000000a (STRSZ)              6203 (bytes)
 0x000000000000000b (SYMENT)             24 (bytes)
 0x0000000000000003 (PLTGOT)             0x4a000
 0x0000000000000002 (PLTRELSZ)           2952 (bytes)
 0x0000000000000014 (PLTREL)             RELA
 0x0000000000000017 (JMPREL)             0x4b60
 0x0000000000000007 (RELA)               0x3618
 0x0000000000000008 (RELASZ)             5448 (bytes)
 0x0000000000000009 (RELAENT)            24 (bytes)
 0x000000006ffffffe (VERNEED)            0x35a8
 0x000000006fffffff (VERNEEDNUM)         3
 0x000000006ffffff0 (VERSYM)             0x343c
 0x000000006ffffff9 (RELACOUNT)          192
 0x0000000000000000 (NULL)               0x0

Relocation section '.rela.dyn' at offset 0x3618 contains 227 entries:
  Offset          Info           Type           Sym. Value    Sym. Name + Addend
000000049330  000000000008 R_X86_64_RELATIVE                    68a0
000000049338  000000000008 R_X86_64_RELATIVE                    6860
000000049340  000000000008 R_X86_64_RELATIVE                    44269
000000049350  000000000008 R_X86_64_RELATIVE                    44269
000000049368  000000000008 R_X86_64_RELATIVE                    4426b
000000049378  000000000008 R_X86_64_RELATIVE                    4426b
000000049390  000000000008 R_X86_64_RELATIVE                    4426d
0000000493a0  000000000008 R_X86_64_RELATIVE                    4426d
0000000493b8  000000000008 R_X86_64_RELATIVE                    4426f
0000000493c8  000000000008 R_X86_64_RELATIVE                    4426f
0000000493e0  000000000008 R_X86_64_RELATIVE                    44271
0000000493f0  000000000008 R_X86_64_RELATIVE                    44271
000000049408  000000000008 R_X86_64_RELATIVE                    44273
000000049418  000000000008 R_X86_64_RELATIVE                    44273
000000049430  000000000008 R_X86_64_RELATIVE                    44275
000000049440  000000000008 R_X86_64_RELATIVE                    44275
000000049458  000000000008 R_X86_64_RELATIVE                    44277
000000049468  000000000008 R_X86_64_RELATIVE                    44277
000000049480  000000000008 R_X86_64_RELATIVE                    44279
000000049490  000000000008 R_X86_64_RELATIVE                    44279
0000000494a8  000000000008 R_X86_64_RELATIVE                    4427b
0000000494b8  000000000008 R_X86_64_RELATIVE                    4427b
0000000494d0  000000000008 R_X86_64_RELATIVE                    4427d
0000000494e0  000000000008 R_X86_64_RELATIVE                    4427d
0000000494f8  000000000008 R_X86_64_RELATIVE                    4427f
000000049508  000000000008 R_X86_64_RELATIVE                    4427f
000000049520  000000000008 R_X86_64_RELATIVE                    44346
000000049528  000000000008 R_X86_64_RELATIVE                    444a6
000000049530  000000000008 R_X86_64_RELATIVE                    444b5
000000049538  000000000008 R_X86_64_RELATIVE                    444c4
000000049540  000000000008 R_X86_64_RELATIVE                    444d3
000000049548  000000000008 R_X86_64_RELATIVE                    444e2
000000049550  000000000008 R_X86_64_RELATIVE                    444f1
000000049558  000000000008 R_X86_64_RELATIVE                    44500
000000049560  000000000008 R_X86_64_RELATIVE                    4450f
000000049568  000000000008 R_X86_64_RELATIVE                    4451e
000000049570  000000000008 R_X86_64_RELATIVE                    4452d
000000049578  000000000008 R_X86_64_RELATIVE                    4453c
000000049580  000000000008 R_X86_64_RELATIVE                    4454b
000000049588  000000000008 R_X86_64_RELATIVE                    4455a
000000049590  000000000008 R_X86_64_RELATIVE                    44569
000000049598  000000000008 R_X86_64_RELATIVE                    44578
0000000495a0  000000000008 R_X86_64_RELATIVE                    44587
0000000495a8  000000000008 R_X86_64_RELATIVE                    44596
0000000495b0  000000000008 R_X86_64_RELATIVE                    445a5
0000000495b8  000000000008 R_X86_64_RELATIVE                    445b4
0000000495c0  000000000008 R_X86_64_RELATIVE                    445c3
0000000495c8  000000000008 R_X86_64_RELATIVE                    445d2
0000000495d0  000000000008 R_X86_64_RELATIVE                    445e1
0000000495d8  000000000008 R_X86_64_RELATIVE                    445f0
0000000495e0  000000000008 R_X86_64_RELATIVE                    445ff
0000000495e8  000000000008 R_X86_64_RELATIVE                    4460e
0000000495f0  000000000008 R_X86_64_RELATIVE                    4461d
0000000495f8  000000000008 R_X86_64_RELATIVE                    4462c
000000049600  000000000008 R_X86_64_RELATIVE                    4463b
000000049608  000000000008 R_X86_64_RELATIVE                    4464a
000000049610  000000000008 R_X86_64_RELATIVE                    44659
000000049618  000000000008 R_X86_64_RELATIVE                    44668
000000049620  000000000008 R_X86_64_RELATIVE                    44677
000000049628  000000000008 R_X86_64_RELATIVE                    44686
000000049630  000000000008 R_X86_64_RELATIVE                    44695
000000049638  000000000008 R_X86_64_RELATIVE                    446a4
000000049640  000000000008 R_X86_64_RELATIVE                    446b3
000000049648  000000000008 R_X86_64_RELATIVE                    446c2
000000049650  000000000008 R_X86_64_RELATIVE                    446d1
000000049658  000000000008 R_X86_64_RELATIVE                    446e0
000000049660  000000000008 R_X86_64_RELATIVE                    446ef
000000049668  000000000008 R_X86_64_RELATIVE                    446fe
000000049670  000000000008 R_X86_64_RELATIVE                    4470d
000000049678  000000000008 R_X86_64_RELATIVE                    4471c
000000049680  000000000008 R_X86_64_RELATIVE                    4472b
000000049688  000000000008 R_X86_64_RELATIVE                    4473a
000000049690  000000000008 R_X86_64_RELATIVE                    44749
000000049698  000000000008 R_X86_64_RELATIVE                    44758
0000000496a0  000000000008 R_X86_64_RELATIVE                    44767
0000000496a8  000000000008 R_X86_64_RELATIVE                    44776
0000000496b0  000000000008 R_X86_64_RELATIVE                    44785
0000000496b8  000000000008 R_X86_64_RELATIVE                    44794
0000000496c0  000000000008 R_X86_64_RELATIVE                    447a3
0000000496c8  000000000008 R_X86_64_RELATIVE                    447b2
0000000496d0  000000000008 R_X86_64_RELATIVE                    447c1
0000000496d8  000000000008 R_X86_64_RELATIVE                    447d0
0000000496e0  000000000008 R_X86_64_RELATIVE                    447df
0000000496e8  000000000008 R_X86_64_RELATIVE                    447ee
0000000496f0  000000000008 R_X86_64_RELATIVE                    447fd
0000000496f8  000000000008 R_X86_64_RELATIVE                    4480c
000000049700  000000000008 R_X86_64_RELATIVE                    4481b
000000049708  000000000008 R_X86_64_RELATIVE                    4482a
000000049710  000000000008 R_X86_64_RELATIVE                    44839
000000049718  000000000008 R_X86_64_RELATIVE                    44848
000000049720  000000000008 R_X86_64_RELATIVE                    44857
000000049728  000000000008 R_X86_64_RELATIVE                    44866
000000049730  000000000008 R_X86_64_RELATIVE                    44875
000000049738  000000000008 R_X86_64_RELATIVE                    44884
000000049740  000000000008 R_X86_64_RELATIVE                    44893
000000049748  000000000008 R_X86_64_RELATIVE                    448a2
000000049750  000000000008 R_X86_64_RELATIVE                    448b1
000000049758  000000000008 R_X86_64_RELATIVE                    448c0
000000049760  000000000008 R_X86_64_RELATIVE                    448cf
000000049768  000000000008 R_X86_64_RELATIVE                    448de
000000049770  000000000008 R_X86_64_RELATIVE                    448ed
000000049778  000000000008 R_X86_64_RELATIVE                    448fc
000000049780  000000000008 R_X86_64_RELATIVE                    4490b
000000049788  000000000008 R_X86_64_RELATIVE                    4491a
000000049790  000000000008 R_X86_64_RELATIVE                    44929
000000049798  000000000008 R_X86_64_RELATIVE                    44938
0000000497a0  000000000008 R_X86_64_RELATIVE                    44947
0000000497a8  000000000008 R_X86_64_RELATIVE                    44956
0000000497b0  000000000008 R_X86_64_RELATIVE                    44965
0000000497b8  000000000008 R_X86_64_RELATIVE                    44974
0000000497c0  000000000008 R_X86_64_RELATIVE                    44983
0000000497c8  000000000008 R_X86_64_RELATIVE                    44992
0000000497d0  000000000008 R_X86_64_RELATIVE                    449a1
0000000497d8  000000000008 R_X86_64_RELATIVE                    449b0
0000000497e0  000000000008 R_X86_64_RELATIVE                    449bf
0000000497e8  000000000008 R_X86_64_RELATIVE                    449ce
0000000497f0  000000000008 R_X86_64_RELATIVE                    449dd
0000000497f8  000000000008 R_X86_64_RELATIVE                    449ec
000000049800  000000000008 R_X86_64_RELATIVE                    449fb
000000049808  000000000008 R_X86_64_RELATIVE                    44a0a
000000049810  000000000008 R_X86_64_RELATIVE                    44a19
000000049818  000000000008 R_X86_64_RELATIVE                    44a28
000000049820  000000000008 R_X86_64_RELATIVE                    44a37
000000049828  000000000008 R_X86_64_RELATIVE                    44a46
000000049830  000000000008 R_X86_64_RELATIVE                    44a55
000000049838  000000000008 R_X86_64_RELATIVE                    44a64
000000049840  000000000008 R_X86_64_RELATIVE                    44337
000000049848  000000000008 R_X86_64_RELATIVE                    44337
000000049850  000000000008 R_X86_64_RELATIVE                    44337
000000049858  000000000008 R_X86_64_RELATIVE                    44337
000000049860  000000000008 R_X86_64_RELATIVE                    44a73
000000049868  000000000008 R_X86_64_RELATIVE                    44a73
000000049870  000000000008 R_X86_64_RELATIVE                    44a73
000000049878  000000000008 R_X86_64_RELATIVE                    44a82
000000049880  000000000008 R_X86_64_RELATIVE                    44a82
000000049888  000000000008 R_X86_64_RELATIVE                    44a91
000000049890  000000000008 R_X86_64_RELATIVE                    44a91
000000049898  000000000008 R_X86_64_RELATIVE                    44a91
0000000498a0  000000000008 R_X86_64_RELATIVE                    44a73
0000000498a8  000000000008 R_X86_64_RELATIVE                    44a82
0000000498b0  000000000008 R_X86_64_RELATIVE                    44a82
0000000498b8  000000000008 R_X86_64_RELATIVE                    44aa0
0000000498c0  000000000008 R_X86_64_RELATIVE                    44aa0
0000000498c8  000000000008 R_X86_64_RELATIVE                    44aa0
0000000498d0  000000000008 R_X86_64_RELATIVE                    44aa0
0000000498d8  000000000008 R_X86_64_RELATIVE                    44a91
0000000498e0  000000000008 R_X86_64_RELATIVE                    44aaf
0000000498e8  000000000008 R_X86_64_RELATIVE                    44aaf
0000000498f0  000000000008 R_X86_64_RELATIVE                    44aaf
0000000498f8  000000000008 R_X86_64_RELATIVE                    44aa0
000000049900  000000000008 R_X86_64_RELATIVE                    44328
000000049908  000000000008 R_X86_64_RELATIVE                    44abe
000000049910  000000000008 R_X86_64_RELATIVE                    44acd
000000049918  000000000008 R_X86_64_RELATIVE                    44adc
000000049920  000000000008 R_X86_64_RELATIVE                    44aeb
000000049928  000000000008 R_X86_64_RELATIVE                    44afa
000000049930  000000000008 R_X86_64_RELATIVE                    44875
000000049938  000000000008 R_X86_64_RELATIVE                    44b09
000000049940  000000000008 R_X86_64_RELATIVE                    44b18
000000049948  000000000008 R_X86_64_RELATIVE                    445d2
000000049950  000000000008 R_X86_64_RELATIVE                    445c3
000000049958  000000000008 R_X86_64_RELATIVE                    44b27
000000049960  000000000008 R_X86_64_RELATIVE                    448de
000000049968  000000000008 R_X86_64_RELATIVE                    448c0
000000049970  000000000008 R_X86_64_RELATIVE                    44677
000000049978  000000000008 R_X86_64_RELATIVE                    4471c
000000049980  000000000008 R_X86_64_RELATIVE                    4472b
000000049988  000000000008 R_X86_64_RELATIVE                    44749
000000049990  000000000008 R_X86_64_RELATIVE                    44758
000000049998  000000000008 R_X86_64_RELATIVE                    44b36
0000000499a0  000000000008 R_X86_64_RELATIVE                    44b45
0000000499a8  000000000008 R_X86_64_RELATIVE                    44b54
0000000499b0  000000000008 R_X86_64_RELATIVE                    44b63
0000000499b8  000000000008 R_X86_64_RELATIVE                    44b72
0000000499c0  000000000008 R_X86_64_RELATIVE                    44ead
0000000499c8  000000000008 R_X86_64_RELATIVE                    44eae
0000000499d0  000000000008 R_X86_64_RELATIVE                    44eaf
0000000499d8  000000000008 R_X86_64_RELATIVE                    44ead
0000000499e0  000000000008 R_X86_64_RELATIVE                    44eb0
0000000499e8  000000000008 R_X86_64_RELATIVE                    44eb1
0000000499f0  000000000008 R_X86_64_RELATIVE                    44eb2
0000000499f8  000000000008 R_X86_64_RELATIVE                    44eb3
000000049a00  000000000008 R_X86_64_RELATIVE                    44eb4
000000049a08  000000000008 R_X86_64_RELATIVE                    44eb5
000000049a10  000000000008 R_X86_64_RELATIVE                    44eb6
000000049a18  000000000008 R_X86_64_RELATIVE                    44eb1
000000049a20  000000000008 R_X86_64_RELATIVE                    44eaf
000000049a28  000000000008 R_X86_64_RELATIVE                    44eb0
000000049a30  000000000008 R_X86_64_RELATIVE                    44eb6
000000049a38  000000000008 R_X86_64_RELATIVE                    44eb3
000000049a40  000000000008 R_X86_64_RELATIVE                    4353f
00000004a400  000000000008 R_X86_64_RELATIVE                    4a400
000000049a78  009d00000001 R_X86_64_64       0000000000057d20 __rosco_types_MOD___de + 0
000000049a80  009a00000001 R_X86_64_64       000000000000b400 __rosco_types_MOD___co + 0
000000049ab8  009f00000001 R_X86_64_64       0000000000057d40 __rosco_types_MOD___de + 0
000000049ac0  008600000001 R_X86_64_64       000000000000b410 __rosco_types_MOD___co + 0
000000049af8  00a600000001 R_X86_64_64       0000000000057de0 __rosco_types_MOD___de + 0
000000049b00  005700000001 R_X86_64_64       000000000000b480 __rosco_types_MOD___co + 0
000000049b38  009700000001 R_X86_64_64       0000000000058100 __rosco_types_MOD___de + 0
000000049b40  007500000001 R_X86_64_64       000000000000b4a0 __rosco_types_MOD___co + 0
000000049b78  005d00000001 R_X86_64_64       0000000000034320 __rosco_types_MOD___de + 0
000000049b80  00a100000001 R_X86_64_64       000000000000c360 __rosco_types_MOD___co + 0
000000049b88  009300000001 R_X86_64_64       000000000000b730 __rosco_types_MOD___fi + 0
000000049bb8  008300000001 R_X86_64_64       0000000000058d60 __rosco_types_MOD___de + 0
000000049bc0  009800000001 R_X86_64_64       000000000000b4c0 __rosco_types_MOD___co + 0
000000049bf8  00b100000001 R_X86_64_64       00000000000344c0 __rosco_types_MOD___de + 0
000000049c00  00ab00000001 R_X86_64_64       000000000000b5b0 __rosco_types_MOD___co + 0
000000049c08  009c00000001 R_X86_64_64       000000000000b920 __rosco_types_MOD___fi + 0
000000049c38  005400000001 R_X86_64_64       0000000000058d80 __rosco_types_MOD___de + 0
000000049c40  005e00000001 R_X86_64_64       000000000000b4e0 __rosco_types_MOD___co + 0
000000049c78  006d00000001 R_X86_64_64       000000000003e8e0 __rosco_types_MOD___de + 0
000000049c80  004200000001 R_X86_64_64       000000000000b500 __rosco_types_MOD___co + 0
000000049cb8  005200000001 R_X86_64_64       000000000003f920 __rosco_types_MOD___de + 0
000000049cc0  005000000001 R_X86_64_64       000000000000b630 __rosco_types_MOD___co + 0
000000049cc8  007200000001 R_X86_64_64       000000000000bab0 __rosco_types_MOD___fi + 0
000000049cf8  004c00000001 R_X86_64_64       000000000003f960 __rosco_types_MOD___de + 0
000000049d00  004900000001 R_X86_64_64       000000000000b6c0 __rosco_types_MOD___co + 0
000000049d08  006700000001 R_X86_64_64       000000000000bc40 __rosco_types_MOD___fi + 0
000000049d38  00b500000001 R_X86_64_64       0000000000061be0 __rosco_types_MOD___de + 0
000000049d40  00b400000001 R_X86_64_64       000000000000b520 __rosco_types_MOD___co + 0
000000049d78  00b000000001 R_X86_64_64       000000000003f980 __rosco_types_MOD___de + 0
000000049d80  00a500000001 R_X86_64_64       000000000000c580 __rosco_types_MOD___co + 0
000000049d88  00a300000001 R_X86_64_64       000000000000bdd0 __rosco_types_MOD___fi + 0
000000049fc8  000a00000006 R_X86_64_GLOB_DAT 0000000000000000 __gmon_start__ + 0
000000049fd0  001500000006 R_X86_64_GLOB_DAT 0000000000000000 _ITM_deregisterTMClone + 0
000000049fd8  001a00000006 R_X86_64_GLOB_DAT 0000000000000000 _ITM_registerTMCloneTa + 0
000000049fe0  001f00000006 R_X86_64_GLOB_DAT 0000000000000000 __cxa_finalize@GLIBC_2.2.5 + 0

Relocation section '.rela.plt' at offset 0x4b60 contains 123 entries:
  Offset          Info           Type           Sym. Value    Sym. Name + Addend
00000004a018  000100000007 R_X86_64_JUMP_SLO 0000000000000000 _gfortran_transfer_com@GFORTRAN_8 + 0
00000004a020  000200000007 R_X86_64_JUMP_SLO 0000000000000000 exp@GLIBC_2.2.5 + 0
00000004a028  007e00000007 R_X86_64_JUMP_SLO 000000000001a090 __rosco_helpers_MOD_ad + 0
00000004a030  006600000007 R_X86_64_JUMP_SLO 000000000002b920 __rosco_io_MOD_writere + 0
00000004a038  000300000007 R_X86_64_JUMP_SLO 0000000000000000 _gfortran_transfer_rea@GFORTRAN_8 + 0
00000004a040  000400000007 R_X86_64_JUMP_SLO 0000000000000000 atan2@GLIBC_2.2.5 + 0
00000004a048  000500000007 R_X86_64_JUMP_SLO 0000000000000000 memset@GLIBC_2.2.5 + 0
00000004a050  000600000007 R_X86_64_JUMP_SLO 0000000000000000 _gfortran_concat_strin@GFORTRAN_8 + 0
00000004a058  000700000007 R_X86_64_JUMP_SLO 0000000000000000 _gfortran_runtime_erro@GFORTRAN_8 + 0
00000004a060  008d00000007 R_X86_64_JUMP_SLO 0000000000032da0 __syssubs_MOD_loaddyna + 0
00000004a068  000800000007 R_X86_64_JUMP_SLO 0000000000000000 _gfortran_string_len_t@GFORTRAN_8 + 0
00000004a070  005300000007 R_X86_64_JUMP_SLO 000000000000ddc0 __filters_MOD_prefilte + 0
00000004a078  004700000007 R_X86_64_JUMP_SLO 000000000001b8c0 __rosco_helpers_MOD_fi + 0
00000004a080  000900000007 R_X86_64_JUMP_SLO 0000000000000000 _gfortran_st_read_done@GFORTRAN_8 + 0
00000004a088  00a000000007 R_X86_64_JUMP_SLO 0000000000021390 __rosco_helpers_MOD_pa + 0
00000004a090  004d00000007 R_X86_64_JUMP_SLO 00000000000068b0 __controllerblocks_MOD + 0
00000004a098  009b00000007 R_X86_64_JUMP_SLO 000000000000e690 __functions_MOD_wrap_1 + 0
00000004a0a0  006a00000007 R_X86_64_JUMP_SLO 000000000000d870 __filters_MOD_hpfilter + 0
00000004a0a8  00b200000007 R_X86_64_JUMP_SLO 0000000000008ec0 __controllers_MOD_floa + 0
00000004a0b0  008e00000007 R_X86_64_JUMP_SLO 000000000000f2e0 __functions_MOD_interp + 0
00000004a0b8  007300000007 R_X86_64_JUMP_SLO 000000000000d6b0 __filters_MOD_notchfil + 0
00000004a0c0  000b00000007 R_X86_64_JUMP_SLO 0000000000000000 _gfortran_st_inquire@GFORTRAN_8 + 0
00000004a0c8  000c00000007 R_X86_64_JUMP_SLO 0000000000000000 _gfortran_reshape_r8@GFORTRAN_8 + 0
00000004a0d0  00a900000007 R_X86_64_JUMP_SLO 0000000000017e40 __readsetparameters_MO + 0
00000004a0d8  008400000007 R_X86_64_JUMP_SLO 000000000000e650 __functions_MOD_wrap_3 + 0
00000004a0e0  000d00000007 R_X86_64_JUMP_SLO 0000000000000000 _gfortran_ieee_procedu@GFORTRAN_8 + 0
00000004a0e8  00ad00000007 R_X86_64_JUMP_SLO 0000000000015030 __readsetparameters_MO + 0
00000004a0f0  000e00000007 R_X86_64_JUMP_SLO 0000000000000000 _gfortran_st_close@GFORTRAN_8 + 0
00000004a0f8  000f00000007 R_X86_64_JUMP_SLO 0000000000000000 malloc@GLIBC_2.2.5 + 0
00000004a100  006000000007 R_X86_64_JUMP_SLO 000000000000d940 __filters_MOD_seclpfil + 0
00000004a108  001000000007 R_X86_64_JUMP_SLO 0000000000000000 _gfortran_ieee_procedu@GFORTRAN_8 + 0
00000004a110  003d00000007 R_X86_64_JUMP_SLO 0000000000019e40 __rosco_helpers_MOD_cu + 0
00000004a118  005c00000007 R_X86_64_JUMP_SLO 0000000000022e40 __rosco_io_MOD_debug + 0
00000004a120  001100000007 R_X86_64_JUMP_SLO 0000000000000000 _gfortran_transfer_cha@GFORTRAN_8 + 0
00000004a128  007d00000007 R_X86_64_JUMP_SLO 0000000000010840 __functions_MOD_picont + 0
00000004a130  001200000007 R_X86_64_JUMP_SLO 0000000000000000 cos@GLIBC_2.2.5 + 0
00000004a138  001300000007 R_X86_64_JUMP_SLO 0000000000000000 dlsym + 0
00000004a140  001400000007 R_X86_64_JUMP_SLO 0000000000000000 _gfortran_transfer_int@GFORTRAN_8 + 0
00000004a148  004b00000007 R_X86_64_JUMP_SLO 0000000000008fd0 __controllers_MOD_fore + 0
00000004a150  001600000007 R_X86_64_JUMP_SLO 0000000000000000 fmod@GLIBC_2.2.5 + 0
00000004a158  006c00000007 R_X86_64_JUMP_SLO 0000000000008190 __controllers_MOD_cabl + 0
00000004a160  007400000007 R_X86_64_JUMP_SLO 0000000000020760 __rosco_helpers_MOD_pa + 0
00000004a168  008b00000007 R_X86_64_JUMP_SLO 0000000000006c30 __controllerblocks_MOD + 0
00000004a170  001700000007 R_X86_64_JUMP_SLO 0000000000000000 _gfortran_transfer_com@GFORTRAN_8 + 0
00000004a178  004a00000007 R_X86_64_JUMP_SLO 0000000000006b80 __controllerblocks_MOD + 0
00000004a180  001800000007 R_X86_64_JUMP_SLO 0000000000000000 lround@GLIBC_2.2.5 + 0
00000004a188  001900000007 R_X86_64_JUMP_SLO 0000000000000000 free@GLIBC_2.2.5 + 0
00000004a190  006e00000007 R_X86_64_JUMP_SLO 0000000000032560 __extcontrol_MOD_extco + 0
00000004a198  001b00000007 R_X86_64_JUMP_SLO 0000000000000000 _gfortran_transfer_rea@GFORTRAN_8 + 0
00000004a1a0  001c00000007 R_X86_64_JUMP_SLO 0000000000000000 _gfortran_transfer_int@GFORTRAN_8 + 0
00000004a1a8  008f00000007 R_X86_64_JUMP_SLO 000000000001b840 __rosco_helpers_MOD_re + 0
00000004a1b0  001d00000007 R_X86_64_JUMP_SLO 0000000000000000 _gfortran_st_open@GFORTRAN_8 + 0
00000004a1b8  001e00000007 R_X86_64_JUMP_SLO 0000000000000000 _gfortran_transfer_cha@GFORTRAN_8 + 0
00000004a1c0  00a400000007 R_X86_64_JUMP_SLO 000000000001a230 __rosco_helpers_MOD_in + 0
00000004a1c8  004800000007 R_X86_64_JUMP_SLO 000000000001a740 __rosco_helpers_MOD_re + 0
00000004a1d0  002000000007 R_X86_64_JUMP_SLO 0000000000000000 _gfortran_transfer_log@GFORTRAN_8 + 0
00000004a1d8  005500000007 R_X86_64_JUMP_SLO 000000000001a3d0 __rosco_helpers_MOD_cu + 0
00000004a1e0  004500000007 R_X86_64_JUMP_SLO 000000000000e6d0 __functions_MOD_colema + 0
00000004a1e8  002100000007 R_X86_64_JUMP_SLO 0000000000000000 _gfortran_date_and_tim@GFORTRAN_8 + 0
00000004a1f0  007f00000007 R_X86_64_JUMP_SLO 0000000000019a50 __readsetparameters_MO + 0
00000004a1f8  005f00000007 R_X86_64_JUMP_SLO 000000000000ec30 __functions_MOD_interp + 0
00000004a200  002200000007 R_X86_64_JUMP_SLO 0000000000000000 _gfortran_select_strin@GFORTRAN_8 + 0
00000004a208  007b00000007 R_X86_64_JUMP_SLO 000000000001a2f0 __rosco_helpers_MOD_co + 0
00000004a210  002300000007 R_X86_64_JUMP_SLO 0000000000000000 _gfortran_compare_stri@GFORTRAN_8 + 0
00000004a218  002400000007 R_X86_64_JUMP_SLO 0000000000000000 pow@GLIBC_2.2.5 + 0
00000004a220  005600000007 R_X86_64_JUMP_SLO 000000000001a340 __rosco_helpers_MOD_no + 0
00000004a228  003c00000007 R_X86_64_JUMP_SLO 000000000000db00 __filters_MOD_seclpfil + 0
00000004a230  009500000007 R_X86_64_JUMP_SLO 00000000000089e0 __controllers_MOD_flap + 0
00000004a238  002500000007 R_X86_64_JUMP_SLO 0000000000000000 _gfortran_st_rewind@GFORTRAN_8 + 0
00000004a240  002600000007 R_X86_64_JUMP_SLO 0000000000000000 _gfortran_st_read@GFORTRAN_8 + 0
00000004a248  00a800000007 R_X86_64_JUMP_SLO 000000000001bd30 __rosco_helpers_MOD_ch + 0
00000004a250  006400000007 R_X86_64_JUMP_SLO 000000000000a090 __controllers_MOD_pitc + 0
00000004a258  002700000007 R_X86_64_JUMP_SLO 0000000000000000 _gfortran_string_trim@GFORTRAN_8 + 0
00000004a260  002800000007 R_X86_64_JUMP_SLO 0000000000000000 memmove@GLIBC_2.2.5 + 0
00000004a268  002900000007 R_X86_64_JUMP_SLO 0000000000000000 _gfortran_st_write_don@GFORTRAN_8 + 0
00000004a270  006b00000007 R_X86_64_JUMP_SLO 0000000000010630 __functions_MOD_satura + 0
00000004a278  007600000007 R_X86_64_JUMP_SLO 00000000000330c0 __syssubs_MOD_loaddyna + 0
00000004a280  002a00000007 R_X86_64_JUMP_SLO 0000000000000000 _gfortran_transfer_arr@GFORTRAN_8 + 0
00000004a288  009e00000007 R_X86_64_JUMP_SLO 0000000000021d40 __rosco_helpers_MOD_pa + 0
00000004a290  008200000007 R_X86_64_JUMP_SLO 000000000001eda0 __rosco_helpers_MOD_pa + 0
00000004a298  00aa00000007 R_X86_64_JUMP_SLO 0000000000014520 __readsetparameters_MO + 0
00000004a2a0  007700000007 R_X86_64_JUMP_SLO 000000000000e7f0 __functions_MOD_colema + 0
00000004a2a8  007800000007 R_X86_64_JUMP_SLO 0000000000010430 __functions_MOD_aerody + 0
00000004a2b0  005a00000007 R_X86_64_JUMP_SLO 000000000001b6f0 __rosco_helpers_MOD_ge + 0
00000004a2b8  002b00000007 R_X86_64_JUMP_SLO 0000000000000000 sincos@GLIBC_2.2.5 + 0
00000004a2c0  004300000007 R_X86_64_JUMP_SLO 00000000000080f0 __controllers_MOD_stru + 0
00000004a2c8  009600000007 R_X86_64_JUMP_SLO 0000000000009b90 __controllers_MOD_vari + 0
00000004a2d0  002c00000007 R_X86_64_JUMP_SLO 0000000000000000 _gfortran_string_scan@GFORTRAN_8 + 0
00000004a2d8  005800000007 R_X86_64_JUMP_SLO 000000000001c520 __rosco_helpers_MOD_pa + 0
00000004a2e0  002d00000007 R_X86_64_JUMP_SLO 0000000000000000 lroundf@GLIBC_2.2.5 + 0
00000004a2e8  002e00000007 R_X86_64_JUMP_SLO 0000000000000000 _gfortran_string_index@GFORTRAN_8 + 0
00000004a2f0  002f00000007 R_X86_64_JUMP_SLO 0000000000000000 _gfortran_runtime_erro@GFORTRAN_8 + 0
00000004a2f8  008900000007 R_X86_64_JUMP_SLO 0000000000009080 __controllers_MOD_ipc + 0
00000004a300  003f00000007 R_X86_64_JUMP_SLO 000000000000d4f0 __filters_MOD_notchfil + 0
00000004a308  004f00000007 R_X86_64_JUMP_SLO 00000000000106f0 __functions_MOD_piicon + 0
00000004a310  003000000007 R_X86_64_JUMP_SLO 0000000000000000 memcmp@GLIBC_2.2.5 + 0
00000004a318  004000000007 R_X86_64_JUMP_SLO 000000000001a4b0 __rosco_helpers_MOD_ge + 0
00000004a320  004400000007 R_X86_64_JUMP_SLO 000000000000e940 __functions_MOD_identi + 0
00000004a328  008800000007 R_X86_64_JUMP_SLO 000000000001b470 __rosco_helpers_MOD_ge + 0
00000004a330  006900000007 R_X86_64_JUMP_SLO 000000000000dcc0 __filters_MOD_lpfilter + 0
00000004a338  009200000007 R_X86_64_JUMP_SLO 00000000000109e0 __readsetparameters_MO + 0
00000004a340  003100000007 R_X86_64_JUMP_SLO 0000000000000000 _gfortran_os_error@GFORTRAN_8 + 0
00000004a348  007000000007 R_X86_64_JUMP_SLO 00000000000097c0 __controllers_MOD_yawr + 0
00000004a350  003200000007 R_X86_64_JUMP_SLO 0000000000000000 _gfortran_transfer_log@GFORTRAN_8 + 0
00000004a358  003300000007 R_X86_64_JUMP_SLO 0000000000000000 realloc@GLIBC_2.2.5 + 0
00000004a360  005b00000007 R_X86_64_JUMP_SLO 0000000000006a30 __controllerblocks_MOD + 0
00000004a368  009900000007 R_X86_64_JUMP_SLO 0000000000008490 __controllers_MOD_acti + 0
00000004a370  004100000007 R_X86_64_JUMP_SLO 000000000001b5e0 __rosco_helpers_MOD_ge + 0
00000004a378  004600000007 R_X86_64_JUMP_SLO 000000000001b3f0 __rosco_helpers_MOD_pa + 0
00000004a380  00ac00000007 R_X86_64_JUMP_SLO 0000000000007f70 __controllerblocks_MOD + 0
00000004a388  003400000007 R_X86_64_JUMP_SLO 0000000000000000 cexp@GLIBC_2.2.5 + 0
00000004a390  007c00000007 R_X86_64_JUMP_SLO 0000000000010930 __functions_MOD_rateli + 0
00000004a398  003500000007 R_X86_64_JUMP_SLO 0000000000000000 _gfortran_st_write@GFORTRAN_8 + 0
00000004a3a0  009000000007 R_X86_64_JUMP_SLO 0000000000007e50 __controllerblocks_MOD + 0
00000004a3a8  003600000007 R_X86_64_JUMP_SLO 0000000000000000 _gfortran_adjustl@GFORTRAN_8 + 0
00000004a3b0  008100000007 R_X86_64_JUMP_SLO 000000000000e460 __functions_MOD_sigma + 0
00000004a3b8  003700000007 R_X86_64_JUMP_SLO 0000000000000000 _gfortran_transfer_arr@GFORTRAN_8 + 0
00000004a3c0  003800000007 R_X86_64_JUMP_SLO 0000000000000000 dlopen + 0
00000004a3c8  003900000007 R_X86_64_JUMP_SLO 0000000000000000 memcpy@GLIBC_2.14 + 0
00000004a3d0  00ae00000007 R_X86_64_JUMP_SLO 0000000000024d70 __rosco_io_MOD_readres + 0
00000004a3d8  006100000007 R_X86_64_JUMP_SLO 0000000000032240 __zeromqinterface_MOD_ + 0
00000004a3e0  00a200000007 R_X86_64_JUMP_SLO 000000000001d3f0 __rosco_helpers_MOD_pa + 0
00000004a3e8  003a00000007 R_X86_64_JUMP_SLO 0000000000000000 dlclose + 0

The decoding of unwind sections for machine type Advanced Micro Devices X86-64 is not currently supported.

Symbol table '.dynsym' contains 182 entries:
   Num:    Value          Size Type    Bind   Vis      Ndx Name
     0: 0000000000000000     0 NOTYPE  LOCAL  DEFAULT  UND 
     1: 0000000000000000     0 FUNC    GLOBAL DEFAULT  UND _gfortran_transfer_comple@GFORTRAN_8 (2)
     2: 0000000000000000     0 FUNC    GLOBAL DEFAULT  UND exp@GLIBC_2.2.5 (3)
     3: 0000000000000000     0 FUNC    GLOBAL DEFAULT  UND _gfortran_transfer_real_w@GFORTRAN_8 (2)
     4: 0000000000000000     0 FUNC    GLOBAL DEFAULT  UND atan2@GLIBC_2.2.5 (3)
     5: 0000000000000000     0 FUNC    GLOBAL DEFAULT  UND memset@GLIBC_2.2.5 (4)
     6: 0000000000000000     0 FUNC    GLOBAL DEFAULT  UND _gfortran_concat_string@GFORTRAN_8 (2)
     7: 0000000000000000     0 FUNC    GLOBAL DEFAULT  UND _gfortran_runtime_error_a@GFORTRAN_8 (2)
     8: 0000000000000000     0 FUNC    GLOBAL DEFAULT  UND _gfortran_string_len_trim@GFORTRAN_8 (2)
     9: 0000000000000000     0 FUNC    GLOBAL DEFAULT  UND _gfortran_st_read_done@GFORTRAN_8 (2)
    10: 0000000000000000     0 NOTYPE  WEAK   DEFAULT  UND __gmon_start__
    11: 0000000000000000     0 FUNC    GLOBAL DEFAULT  UND _gfortran_st_inquire@GFORTRAN_8 (2)
    12: 0000000000000000     0 FUNC    GLOBAL DEFAULT  UND _gfortran_reshape_r8@GFORTRAN_8 (2)
    13: 0000000000000000     0 FUNC    GLOBAL DEFAULT  UND _gfortran_ieee_procedure_@GFORTRAN_8 (2)
    14: 0000000000000000     0 FUNC    GLOBAL DEFAULT  UND _gfortran_st_close@GFORTRAN_8 (2)
    15: 0000000000000000     0 FUNC    GLOBAL DEFAULT  UND malloc@GLIBC_2.2.5 (4)
    16: 0000000000000000     0 FUNC    GLOBAL DEFAULT  UND _gfortran_ieee_procedure_@GFORTRAN_8 (2)
    17: 0000000000000000     0 FUNC    GLOBAL DEFAULT  UND _gfortran_transfer_charac@GFORTRAN_8 (2)
    18: 0000000000000000     0 FUNC    GLOBAL DEFAULT  UND cos@GLIBC_2.2.5 (3)
    19: 0000000000000000     0 NOTYPE  GLOBAL DEFAULT  UND dlsym
    20: 0000000000000000     0 FUNC    GLOBAL DEFAULT  UND _gfortran_transfer_intege@GFORTRAN_8 (2)
    21: 0000000000000000     0 NOTYPE  WEAK   DEFAULT  UND _ITM_deregisterTMCloneTab
    22: 0000000000000000     0 FUNC    GLOBAL DEFAULT  UND fmod@GLIBC_2.2.5 (3)
    23: 0000000000000000     0 FUNC    GLOBAL DEFAULT  UND _gfortran_transfer_comple@GFORTRAN_8 (2)
    24: 0000000000000000     0 FUNC    GLOBAL DEFAULT  UND lround@GLIBC_2.2.5 (3)
    25: 0000000000000000     0 FUNC    GLOBAL DEFAULT  UND free@GLIBC_2.2.5 (4)
    26: 0000000000000000     0 NOTYPE  WEAK   DEFAULT  UND _ITM_registerTMCloneTable
    27: 0000000000000000     0 FUNC    GLOBAL DEFAULT  UND _gfortran_transfer_real@GFORTRAN_8 (2)
    28: 0000000000000000     0 FUNC    GLOBAL DEFAULT  UND _gfortran_transfer_intege@GFORTRAN_8 (2)
    29: 0000000000000000     0 FUNC    GLOBAL DEFAULT  UND _gfortran_st_open@GFORTRAN_8 (2)
    30: 0000000000000000     0 FUNC    GLOBAL DEFAULT  UND _gfortran_transfer_charac@GFORTRAN_8 (2)
    31: 0000000000000000     0 FUNC    WEAK   DEFAULT  UND __cxa_finalize@GLIBC_2.2.5 (4)
    32: 0000000000000000     0 FUNC    GLOBAL DEFAULT  UND _gfortran_transfer_logica@GFORTRAN_8 (2)
    33: 0000000000000000     0 FUNC    GLOBAL DEFAULT  UND _gfortran_date_and_time@GFORTRAN_8 (2)
    34: 0000000000000000     0 FUNC    GLOBAL DEFAULT  UND _gfortran_select_string@GFORTRAN_8 (2)
    35: 0000000000000000     0 FUNC    GLOBAL DEFAULT  UND _gfortran_compare_string@GFORTRAN_8 (2)
    36: 0000000000000000     0 FUNC    GLOBAL DEFAULT  UND pow@GLIBC_2.2.5 (3)
    37: 0000000000000000     0 FUNC    GLOBAL DEFAULT  UND _gfortran_st_rewind@GFORTRAN_8 (2)
    38: 0000000000000000     0 FUNC    GLOBAL DEFAULT  UND _gfortran_st_read@GFORTRAN_8 (2)
    39: 0000000000000000     0 FUNC    GLOBAL DEFAULT  UND _gfortran_string_trim@GFORTRAN_8 (2)
    40: 0000000000000000     0 FUNC    GLOBAL DEFAULT  UND memmove@GLIBC_2.2.5 (4)
    41: 0000000000000000     0 FUNC    GLOBAL DEFAULT  UND _gfortran_st_write_done@GFORTRAN_8 (2)
    42: 0000000000000000     0 FUNC    GLOBAL DEFAULT  UND _gfortran_transfer_array_@GFORTRAN_8 (2)
    43: 0000000000000000     0 FUNC    GLOBAL DEFAULT  UND sincos@GLIBC_2.2.5 (3)
    44: 0000000000000000     0 FUNC    GLOBAL DEFAULT  UND _gfortran_string_scan@GFORTRAN_8 (2)
    45: 0000000000000000     0 FUNC    GLOBAL DEFAULT  UND lroundf@GLIBC_2.2.5 (3)
    46: 0000000000000000     0 FUNC    GLOBAL DEFAULT  UND _gfortran_string_index@GFORTRAN_8 (2)
    47: 0000000000000000     0 FUNC    GLOBAL DEFAULT  UND _gfortran_runtime_error@GFORTRAN_8 (2)
    48: 0000000000000000     0 FUNC    GLOBAL DEFAULT  UND memcmp@GLIBC_2.2.5 (4)
    49: 0000000000000000     0 FUNC    GLOBAL DEFAULT  UND _gfortran_os_error@GFORTRAN_8 (2)
    50: 0000000000000000     0 FUNC    GLOBAL DEFAULT  UND _gfortran_transfer_logica@GFORTRAN_8 (2)
    51: 0000000000000000     0 FUNC    GLOBAL DEFAULT  UND realloc@GLIBC_2.2.5 (4)
    52: 0000000000000000     0 FUNC    GLOBAL DEFAULT  UND cexp@GLIBC_2.2.5 (3)
    53: 0000000000000000     0 FUNC    GLOBAL DEFAULT  UND _gfortran_st_write@GFORTRAN_8 (2)
    54: 0000000000000000     0 FUNC    GLOBAL DEFAULT  UND _gfortran_adjustl@GFORTRAN_8 (2)
    55: 0000000000000000     0 FUNC    GLOBAL DEFAULT  UND _gfortran_transfer_array@GFORTRAN_8 (2)
    56: 0000000000000000     0 NOTYPE  GLOBAL DEFAULT  UND dlopen
    57: 0000000000000000     0 FUNC    GLOBAL DEFAULT  UND memcpy@GLIBC_2.14 (5)
    58: 0000000000000000     0 NOTYPE  GLOBAL DEFAULT  UND dlclose
    59: 0000000000010680   108 FUNC    GLOBAL DEFAULT   12 __functions_MOD_cpfunctio
    60: 000000000000db00   433 FUNC    GLOBAL DEFAULT   12 __filters_MOD_seclpfilter
    61: 0000000000019e40   586 FUNC    GLOBAL DEFAULT   12 __rosco_helpers_MOD_curda
    62: 0000000000049c20    56 OBJECT  GLOBAL DEFAULT   19 __rosco_types_MOD___vtab_
    63: 000000000000d4f0   447 FUNC    GLOBAL DEFAULT   12 __filters_MOD_notchfilter
    64: 000000000001a4b0   652 FUNC    GLOBAL DEFAULT   12 __rosco_helpers_MOD_getne
    65: 000000000001b5e0   266 FUNC    GLOBAL DEFAULT   12 __rosco_helpers_MOD_getpa
    66: 000000000000b500    18 FUNC    GLOBAL DEFAULT   12 __rosco_types_MOD___copy_
    67: 00000000000080f0   158 FUNC    GLOBAL DEFAULT   12 __controllers_MOD_structu
    68: 000000000000e940   151 FUNC    GLOBAL DEFAULT   12 __functions_MOD_identity
    69: 000000000000e6d0   280 FUNC    GLOBAL DEFAULT   12 __functions_MOD_colemantr
    70: 000000000001b3f0   118 FUNC    GLOBAL DEFAULT   12 __rosco_helpers_MOD_pathi
    71: 000000000001b8c0  1130 FUNC    GLOBAL DEFAULT   12 __rosco_helpers_MOD_findl
    72: 000000000001a740  3241 FUNC    GLOBAL DEFAULT   12 __rosco_helpers_MOD_read_
    73: 000000000000b6c0    97 FUNC    GLOBAL DEFAULT   12 __rosco_types_MOD___copy_
    74: 0000000000006b80   169 FUNC    GLOBAL DEFAULT   12 __controllerblocks_MOD_se
    75: 0000000000008fd0   162 FUNC    GLOBAL DEFAULT   12 __controllers_MOD_foreaft
    76: 000000000003f960    32 OBJECT  GLOBAL DEFAULT   14 __rosco_types_MOD___def_i
    77: 00000000000068b0   372 FUNC    GLOBAL DEFAULT   12 __controllerblocks_MOD_sh
    78: 0000000000049ca0    56 OBJECT  GLOBAL DEFAULT   19 __rosco_types_MOD___vtab_
    79: 00000000000106f0   322 FUNC    GLOBAL DEFAULT   12 __functions_MOD_piicontro
    80: 000000000000b630   129 FUNC    GLOBAL DEFAULT   12 __rosco_types_MOD___copy_
    81: 0000000000049d60    56 OBJECT  GLOBAL DEFAULT   19 __rosco_types_MOD___vtab_
    82: 000000000003f920    64 OBJECT  GLOBAL DEFAULT   14 __rosco_types_MOD___def_i
    83: 000000000000ddc0  1682 FUNC    GLOBAL DEFAULT   12 __filters_MOD_prefilterme
    84: 0000000000058d80 36432 OBJECT  GLOBAL DEFAULT   24 __rosco_types_MOD___def_i
    85: 000000000001a3d0   216 FUNC    GLOBAL DEFAULT   12 __rosco_helpers_MOD_curti
    86: 000000000001a340   131 FUNC    GLOBAL DEFAULT   12 __rosco_helpers_MOD_nonde
    87: 000000000000b480    18 FUNC    GLOBAL DEFAULT   12 __rosco_types_MOD___copy_
    88: 000000000001c520  3789 FUNC    GLOBAL DEFAULT   12 __rosco_helpers_MOD_parse
    89: 0000000000049ba0    56 OBJECT  GLOBAL DEFAULT   19 __rosco_types_MOD___vtab_
    90: 000000000001b6f0   336 FUNC    GLOBAL DEFAULT   12 __rosco_helpers_MOD_getwo
    91: 0000000000006a30   327 FUNC    GLOBAL DEFAULT   12 __controllerblocks_MOD_pi
    92: 0000000000022e40  7984 FUNC    GLOBAL DEFAULT   12 __rosco_io_MOD_debug
    93: 0000000000034320   392 OBJECT  GLOBAL DEFAULT   14 __rosco_types_MOD___def_i
    94: 000000000000b4e0    28 FUNC    GLOBAL DEFAULT   12 __rosco_types_MOD___copy_
    95: 000000000000ec30  1704 FUNC    GLOBAL DEFAULT   12 __functions_MOD_interp1d
    96: 000000000000d940   441 FUNC    GLOBAL DEFAULT   12 __filters_MOD_seclpfilter
    97: 0000000000032240   795 FUNC    GLOBAL DEFAULT   12 __zeromqinterface_MOD_upd
    98: 0000000000049aa0    56 OBJECT  GLOBAL DEFAULT   19 __rosco_types_MOD___vtab_
    99: 000000000001e2c0  2780 FUNC    GLOBAL DEFAULT   12 __rosco_helpers_MOD_parse
   100: 000000000000a090  2209 FUNC    GLOBAL DEFAULT   12 __controllers_MOD_pitchco
   101: 0000000000020010  1857 FUNC    GLOBAL DEFAULT   12 __rosco_helpers_MOD_parse
   102: 000000000002b920 26904 FUNC    GLOBAL DEFAULT   12 __rosco_io_MOD_writeresta
   103: 000000000000bc40   385 FUNC    GLOBAL DEFAULT   12 __rosco_types_MOD___final
   104: 0000000000049b60    56 OBJECT  GLOBAL DEFAULT   19 __rosco_types_MOD___vtab_
   105: 000000000000dcc0   250 FUNC    GLOBAL DEFAULT   12 __filters_MOD_lpfilter
   106: 000000000000d870   195 FUNC    GLOBAL DEFAULT   12 __filters_MOD_hpfilter
   107: 0000000000010630    69 FUNC    GLOBAL DEFAULT   12 __functions_MOD_saturate
   108: 0000000000008190   755 FUNC    GLOBAL DEFAULT   12 __controllers_MOD_cableco
   109: 000000000003e8e0  4136 OBJECT  GLOBAL DEFAULT   14 __rosco_types_MOD___def_i
   110: 0000000000032560  1869 FUNC    GLOBAL DEFAULT   12 __extcontrol_MOD_extcontr
   111: 0000000000033324     0 FUNC    GLOBAL DEFAULT   13 _fini
   112: 00000000000097c0   961 FUNC    GLOBAL DEFAULT   12 __controllers_MOD_yawrate
   113: 0000000000006000     0 FUNC    GLOBAL DEFAULT    9 _init
   114: 000000000000bab0   385 FUNC    GLOBAL DEFAULT   12 __rosco_types_MOD___final
   115: 000000000000d6b0   439 FUNC    GLOBAL DEFAULT   12 __filters_MOD_notchfilter
   116: 0000000000020760  3109 FUNC    GLOBAL DEFAULT   12 __rosco_helpers_MOD_parse
   117: 000000000000b4a0    18 FUNC    GLOBAL DEFAULT   12 __rosco_types_MOD___copy_
   118: 00000000000330c0   609 FUNC    GLOBAL DEFAULT   12 __syssubs_MOD_loaddynamic
   119: 000000000000e7f0   327 FUNC    GLOBAL DEFAULT   12 __functions_MOD_colemantr
   120: 0000000000010430   503 FUNC    GLOBAL DEFAULT   12 __functions_MOD_aerodynto
   121: 0000000000049c60    56 OBJECT  GLOBAL DEFAULT   19 __rosco_types_MOD___vtab_
   122: 0000000000049ae0    56 OBJECT  GLOBAL DEFAULT   19 __rosco_types_MOD___vtab_
   123: 000000000001a2f0    69 FUNC    GLOBAL DEFAULT   12 __rosco_helpers_MOD_conv2
   124: 0000000000010930   171 FUNC    GLOBAL DEFAULT   12 __functions_MOD_ratelimit
   125: 0000000000010840   232 FUNC    GLOBAL DEFAULT   12 __functions_MOD_picontrol
   126: 000000000001a090   415 FUNC    GLOBAL DEFAULT   12 __rosco_helpers_MOD_addto
   127: 0000000000019a50   995 FUNC    GLOBAL DEFAULT   12 __readsetparameters_MOD_r
   128: 0000000000049be0    56 OBJECT  GLOBAL DEFAULT   19 __rosco_types_MOD___vtab_
   129: 000000000000e460   487 FUNC    GLOBAL DEFAULT   12 __functions_MOD_sigma
   130: 000000000001eda0  2780 FUNC    GLOBAL DEFAULT   12 __rosco_helpers_MOD_parse
   131: 0000000000058d60    32 OBJECT  GLOBAL DEFAULT   24 __rosco_types_MOD___def_i
   132: 000000000000e650    49 FUNC    GLOBAL DEFAULT   12 __functions_MOD_wrap_360
   133: 0000000000049d20    56 OBJECT  GLOBAL DEFAULT   19 __rosco_types_MOD___vtab_
   134: 000000000000b410   100 FUNC    GLOBAL DEFAULT   12 __rosco_types_MOD___copy_
   135: 0000000000049a60    56 OBJECT  GLOBAL DEFAULT   19 __rosco_types_MOD___vtab_
   136: 000000000001b470   353 FUNC    GLOBAL DEFAULT   12 __rosco_helpers_MOD_getro
   137: 0000000000009080  1849 FUNC    GLOBAL DEFAULT   12 __controllers_MOD_ipc
   138: 0000000000032cb0   236 FUNC    GLOBAL DEFAULT   12 __syssubs_MOD_freedynamic
   139: 0000000000006c30  4635 FUNC    GLOBAL DEFAULT   12 __controllerblocks_MOD_wi
   140: 00000000000226f0  1865 FUNC    GLOBAL DEFAULT   12 __rosco_helpers_MOD_parse
   141: 0000000000032da0   787 FUNC    GLOBAL DEFAULT   12 __syssubs_MOD_loaddynamic
   142: 000000000000f2e0  4427 FUNC    GLOBAL DEFAULT   12 __functions_MOD_interp2d
   143: 000000000001b840   120 FUNC    GLOBAL DEFAULT   12 __rosco_helpers_MOD_reade
   144: 0000000000007e50   288 FUNC    GLOBAL DEFAULT   12 __controllerblocks_MOD_st
   145: 0000000000049b20    56 OBJECT  GLOBAL DEFAULT   19 __rosco_types_MOD___vtab_
   146: 00000000000109e0 15159 FUNC    GLOBAL DEFAULT   12 __readsetparameters_MOD_c
   147: 000000000000b730   481 FUNC    GLOBAL DEFAULT   12 __rosco_types_MOD___final
   148: 0000000000049ce0    56 OBJECT  GLOBAL DEFAULT   19 __rosco_types_MOD___vtab_
   149: 00000000000089e0  1233 FUNC    GLOBAL DEFAULT   12 __controllers_MOD_flapcon
   150: 0000000000009b90  1277 FUNC    GLOBAL DEFAULT   12 __controllers_MOD_variabl
   151: 0000000000058100  3168 OBJECT  GLOBAL DEFAULT   24 __rosco_types_MOD___def_i
   152: 000000000000b4c0    17 FUNC    GLOBAL DEFAULT   12 __rosco_types_MOD___copy_
   153: 0000000000008490  1353 FUNC    GLOBAL DEFAULT   12 __controllers_MOD_activew
   154: 000000000000b400     8 FUNC    GLOBAL DEFAULT   12 __rosco_types_MOD___copy_
   155: 000000000000e690    51 FUNC    GLOBAL DEFAULT   12 __functions_MOD_wrap_180
   156: 000000000000b920   385 FUNC    GLOBAL DEFAULT   12 __rosco_types_MOD___final
   157: 0000000000057d20    16 OBJECT  GLOBAL DEFAULT   24 __rosco_types_MOD___def_i
   158: 0000000000021d40  2476 FUNC    GLOBAL DEFAULT   12 __rosco_helpers_MOD_parse
   159: 0000000000057d40   152 OBJECT  GLOBAL DEFAULT   24 __rosco_types_MOD___def_i
   160: 0000000000021390  2476 FUNC    GLOBAL DEFAULT   12 __rosco_helpers_MOD_parse
   161: 000000000000c360   536 FUNC    GLOBAL DEFAULT   12 __rosco_types_MOD___copy_
   162: 000000000001d3f0  3789 FUNC    GLOBAL DEFAULT   12 __rosco_helpers_MOD_parse
   163: 000000000000bdd0  1417 FUNC    GLOBAL DEFAULT   12 __rosco_types_MOD___final
   164: 000000000001a230   182 FUNC    GLOBAL DEFAULT   12 __rosco_helpers_MOD_int2l
   165: 000000000000c580  3939 FUNC    GLOBAL DEFAULT   12 __rosco_types_MOD___copy_
   166: 0000000000057de0   792 OBJECT  GLOBAL DEFAULT   24 __rosco_types_MOD___def_i
   167: 000000000000e9e0   585 FUNC    GLOBAL DEFAULT   12 __functions_MOD_matinv3
   168: 000000000001bd30  2025 FUNC    GLOBAL DEFAULT   12 __rosco_helpers_MOD_chkpa
   169: 0000000000017e40  7184 FUNC    GLOBAL DEFAULT   12 __readsetparameters_MOD_s
   170: 0000000000014520  2821 FUNC    GLOBAL DEFAULT   12 __readsetparameters_MOD_r
   171: 000000000000b5b0   128 FUNC    GLOBAL DEFAULT   12 __rosco_types_MOD___copy_
   172: 0000000000007f70   379 FUNC    GLOBAL DEFAULT   12 __controllerblocks_MOD_co
   173: 0000000000015030 11778 FUNC    GLOBAL DEFAULT   12 __readsetparameters_MOD_r
   174: 0000000000024d70 27568 FUNC    GLOBAL DEFAULT   12 __rosco_io_MOD_readrestar
   175: 000000000001f880  1929 FUNC    GLOBAL DEFAULT   12 __rosco_helpers_MOD_parse
   176: 000000000003f980  8544 OBJECT  GLOBAL DEFAULT   14 __rosco_types_MOD___def_i
   177: 00000000000344c0 41992 OBJECT  GLOBAL DEFAULT   14 __rosco_types_MOD___def_i
   178: 0000000000008ec0   266 FUNC    GLOBAL DEFAULT   12 __controllers_MOD_floatin
   179: 000000000000a940  2741 FUNC    GLOBAL DEFAULT   12 DISCON
   180: 000000000000b520   131 FUNC    GLOBAL DEFAULT   12 __rosco_types_MOD___copy_
   181: 0000000000061be0   192 OBJECT  GLOBAL DEFAULT   24 __rosco_types_MOD___def_i

Symbol table '.symtab' contains 269 entries:
   Num:    Value          Size Type    Bind   Vis      Ndx Name
     0: 0000000000000000     0 NOTYPE  LOCAL  DEFAULT  UND 
     1: 0000000000000200     0 SECTION LOCAL  DEFAULT    1 
     2: 00000000000006f0     0 SECTION LOCAL  DEFAULT    2 
     3: 0000000000000af0     0 SECTION LOCAL  DEFAULT    3 
     4: 0000000000001c00     0 SECTION LOCAL  DEFAULT    4 
     5: 000000000000343c     0 SECTION LOCAL  DEFAULT    5 
     6: 00000000000035a8     0 SECTION LOCAL  DEFAULT    6 
     7: 0000000000003618     0 SECTION LOCAL  DEFAULT    7 
     8: 0000000000004b60     0 SECTION LOCAL  DEFAULT    8 
     9: 0000000000006000     0 SECTION LOCAL  DEFAULT    9 
    10: 0000000000006020     0 SECTION LOCAL  DEFAULT   10 
    11: 00000000000067e0     0 SECTION LOCAL  DEFAULT   11 
    12: 00000000000067f0     0 SECTION LOCAL  DEFAULT   12 
    13: 0000000000033324     0 SECTION LOCAL  DEFAULT   13 
    14: 0000000000034000     0 SECTION LOCAL  DEFAULT   14 
    15: 0000000000044fa0     0 SECTION LOCAL  DEFAULT   15 
    16: 00000000000452b8     0 SECTION LOCAL  DEFAULT   16 
    17: 0000000000049330     0 SECTION LOCAL  DEFAULT   17 
    18: 0000000000049338     0 SECTION LOCAL  DEFAULT   18 
    19: 0000000000049340     0 SECTION LOCAL  DEFAULT   19 
    20: 0000000000049d98     0 SECTION LOCAL  DEFAULT   20 
    21: 0000000000049fc8     0 SECTION LOCAL  DEFAULT   21 
    22: 000000000004a000     0 SECTION LOCAL  DEFAULT   22 
    23: 000000000004a400     0 SECTION LOCAL  DEFAULT   23 
    24: 000000000004b460     0 SECTION LOCAL  DEFAULT   24 
    25: 0000000000000000     0 SECTION LOCAL  DEFAULT   25 
    26: 0000000000000000     0 SECTION LOCAL  DEFAULT   26 
    27: 0000000000000000     0 SECTION LOCAL  DEFAULT   27 
    28: 0000000000000000     0 SECTION LOCAL  DEFAULT   28 
    29: 0000000000000000     0 SECTION LOCAL  DEFAULT   29 
    30: 0000000000000000     0 SECTION LOCAL  DEFAULT   30 
    31: 0000000000000000     0 SECTION LOCAL  DEFAULT   31 
    32: 0000000000000000     0 SECTION LOCAL  DEFAULT   32 
    33: 0000000000000000     0 FILE    LOCAL  DEFAULT  ABS crtstuff.c
    34: 00000000000067f0     0 FUNC    LOCAL  DEFAULT   12 deregister_tm_clones
    35: 0000000000006820     0 FUNC    LOCAL  DEFAULT   12 register_tm_clones
    36: 0000000000006860     0 FUNC    LOCAL  DEFAULT   12 __do_global_dtors_aux
    37: 000000000004b460     1 OBJECT  LOCAL  DEFAULT   24 completed.7244
    38: 0000000000049338     0 OBJECT  LOCAL  DEFAULT   18 __do_global_dtors_aux_fin
    39: 00000000000068a0     0 FUNC    LOCAL  DEFAULT   12 frame_dummy
    40: 0000000000049330     0 OBJECT  LOCAL  DEFAULT   17 __frame_dummy_init_array_
    41: 0000000000000000     0 FILE    LOCAL  DEFAULT  ABS Constants.f90
    42: 0000000000000000     0 FILE    LOCAL  DEFAULT  ABS ControllerBlocks.f90
    43: 0000000000034110    24 OBJECT  LOCAL  DEFAULT   14 A.3.4320
    44: 00000000000340c0    72 OBJECT  LOCAL  DEFAULT   14 A.4.4322
    45: 00000000000340c0    72 OBJECT  LOCAL  DEFAULT   14 A.5.4324
    46: 00000000000340a0    16 OBJECT  LOCAL  DEFAULT   14 A.12.4338
    47: 0000000000000000     0 FILE    LOCAL  DEFAULT  ABS Controllers.f90
    48: 000000000004b480    16 OBJECT  LOCAL  DEFAULT   24 awc_tiltyaw.4336
    49: 0000000000034240    16 OBJECT  LOCAL  DEFAULT   14 A.2.4364
    50: 000000000004b470     8 OBJECT  LOCAL  DEFAULT   24 nacvaneoffset.4513
    51: 000000000004b478     4 OBJECT  LOCAL  DEFAULT   24 yawstate.4520
    52: 0000000000000000     0 FILE    LOCAL  DEFAULT  ABS DISCON.F90
    53: 000000000004b5c0    16 OBJECT  LOCAL  DEFAULT   24 zmqvar.4260
    54: 000000000004b5a0    32 OBJECT  LOCAL  DEFAULT   24 errvar.3992
    55: 000000000004b7a0  8544 OBJECT  LOCAL  DEFAULT   24 cntrpar.3957
    56: 000000000004d900 41992 OBJECT  LOCAL  DEFAULT   24 localvar.4237
    57: 000000000004b780    32 OBJECT  LOCAL  DEFAULT   24 objinst.4247
    58: 000000000004b5e0   392 OBJECT  LOCAL  DEFAULT   24 perfdata.4254
    59: 000000000004b4e0   192 OBJECT  LOCAL  DEFAULT   24 debugvar.3983
    60: 000000000004b4a0    64 OBJECT  LOCAL  DEFAULT   24 extdll.3995
    61: 0000000000000000     0 FILE    LOCAL  DEFAULT  ABS ROSCO_Types.f90
    62: 0000000000000000     0 FILE    LOCAL  DEFAULT  ABS Filters.f90
    63: 0000000000000000     0 FILE    LOCAL  DEFAULT  ABS Functions.f90
    64: 0000000000000000     0 FILE    LOCAL  DEFAULT  ABS ReadSetParameters.f90
    65: 0000000000000000     0 FILE    LOCAL  DEFAULT  ABS ROSCO_Helpers.f90
    66: 0000000000049340   480 OBJECT  LOCAL  DEFAULT   19 jumptable.1.4039
    67: 0000000000000000     0 FILE    LOCAL  DEFAULT  ABS ROSCO_IO.f90
    68: 0000000000049900   192 OBJECT  LOCAL  DEFAULT   19 A.9.4312
    69: 0000000000049840   192 OBJECT  LOCAL  DEFAULT   19 A.11.4326
    70: 0000000000049520   800 OBJECT  LOCAL  DEFAULT   19 A.19.4358
    71: 0000000000061d04     4 OBJECT  LOCAL  DEFAULT   24 undb.4277
    72: 0000000000061d00     4 OBJECT  LOCAL  DEFAULT   24 undb2.4278
    73: 0000000000061cc0    64 OBJECT  LOCAL  DEFAULT   24 avrindices.4266
    74: 0000000000061ca0     4 OBJECT  LOCAL  DEFAULT   24 undb3.4279
    75: 0000000000000000     0 FILE    LOCAL  DEFAULT  ABS ZeroMQInterface.f90
    76: 0000000000000000     0 FILE    LOCAL  DEFAULT  ABS ExtControl.f90
    77: 00000000000499c0   136 OBJECT  LOCAL  DEFAULT   19 A.6.4224
    78: 000000000004a420  4136 OBJECT  LOCAL  DEFAULT   23 dll_ext.4217
    79: 0000000000000000     0 FILE    LOCAL  DEFAULT  ABS SysGnuLinux.f90
    80: 0000000000000000     0 FILE    LOCAL  DEFAULT  ABS crtstuff.c
    81: 0000000000047a50     0 OBJECT  LOCAL  DEFAULT   16 __FRAME_END__
    82: 0000000000000000     0 FILE    LOCAL  DEFAULT  ABS 
    83: 0000000000044fa0     0 NOTYPE  LOCAL  DEFAULT   15 __GNU_EH_FRAME_HDR
    84: 000000000004a000     0 OBJECT  LOCAL  DEFAULT   22 _GLOBAL_OFFSET_TABLE_
    85: 000000000004b448     0 OBJECT  LOCAL  DEFAULT   23 __TMC_END__
    86: 000000000004a400     0 OBJECT  LOCAL  DEFAULT   23 __dso_handle
    87: 0000000000049d98     0 OBJECT  LOCAL  DEFAULT   20 _DYNAMIC
    88: 000000000000b500    18 FUNC    GLOBAL DEFAULT   12 __rosco_types_MOD___copy_
    89: 0000000000000000     0 FUNC    GLOBAL DEFAULT  UND _gfortran_transfer_comple
    90: 000000000000bdd0  1417 FUNC    GLOBAL DEFAULT   12 __rosco_types_MOD___final
    91: 0000000000000000     0 FUNC    GLOBAL DEFAULT  UND exp@@GLIBC_2.2.5
    92: 000000000001a090   415 FUNC    GLOBAL DEFAULT   12 __rosco_helpers_MOD_addto
    93: 000000000002b920 26904 FUNC    GLOBAL DEFAULT   12 __rosco_io_MOD_writeresta
    94: 0000000000000000     0 FUNC    GLOBAL DEFAULT  UND _gfortran_transfer_real_w
    95: 0000000000000000     0 FUNC    GLOBAL DEFAULT  UND atan2@@GLIBC_2.2.5
    96: 0000000000000000     0 FUNC    GLOBAL DEFAULT  UND memset@@GLIBC_2.2.5
    97: 0000000000000000     0 FUNC    GLOBAL DEFAULT  UND _gfortran_concat_string@@
    98: 00000000000226f0  1865 FUNC    GLOBAL DEFAULT   12 __rosco_helpers_MOD_parse
    99: 0000000000000000     0 FUNC    GLOBAL DEFAULT  UND _gfortran_runtime_error_a
   100: 0000000000032da0   787 FUNC    GLOBAL DEFAULT   12 __syssubs_MOD_loaddynamic
   101: 0000000000000000     0 FUNC    GLOBAL DEFAULT  UND _gfortran_string_len_trim
   102: 0000000000049b20    56 OBJECT  GLOBAL DEFAULT   19 __rosco_types_MOD___vtab_
   103: 0000000000049d60    56 OBJECT  GLOBAL DEFAULT   19 __rosco_types_MOD___vtab_
   104: 000000000000ddc0  1682 FUNC    GLOBAL DEFAULT   12 __filters_MOD_prefilterme
   105: 000000000001b8c0  1130 FUNC    GLOBAL DEFAULT   12 __rosco_helpers_MOD_findl
   106: 000000000000bc40   385 FUNC    GLOBAL DEFAULT   12 __rosco_types_MOD___final
   107: 0000000000000000     0 FUNC    GLOBAL DEFAULT  UND _gfortran_st_read_done@@G
   108: 0000000000021390  2476 FUNC    GLOBAL DEFAULT   12 __rosco_helpers_MOD_parse
   109: 00000000000068b0   372 FUNC    GLOBAL DEFAULT   12 __controllerblocks_MOD_sh
   110: 0000000000000000     0 NOTYPE  WEAK   DEFAULT  UND __gmon_start__
   111: 000000000000e690    51 FUNC    GLOBAL DEFAULT   12 __functions_MOD_wrap_180
   112: 000000000001f880  1929 FUNC    GLOBAL DEFAULT   12 __rosco_helpers_MOD_parse
   113: 000000000000d870   195 FUNC    GLOBAL DEFAULT   12 __filters_MOD_hpfilter
   114: 0000000000008ec0   266 FUNC    GLOBAL DEFAULT   12 __controllers_MOD_floatin
   115: 000000000000f2e0  4427 FUNC    GLOBAL DEFAULT   12 __functions_MOD_interp2d
   116: 0000000000058d80 36432 OBJECT  GLOBAL DEFAULT   24 __rosco_types_MOD___def_i
   117: 000000000000d6b0   439 FUNC    GLOBAL DEFAULT   12 __filters_MOD_notchfilter
   118: 0000000000000000     0 FUNC    GLOBAL DEFAULT  UND _gfortran_st_inquire@@GFO
   119: 0000000000000000     0 FUNC    GLOBAL DEFAULT  UND _gfortran_reshape_r8@@GFO
   120: 0000000000032cb0   236 FUNC    GLOBAL DEFAULT   12 __syssubs_MOD_freedynamic
   121: 000000000000b6c0    97 FUNC    GLOBAL DEFAULT   12 __rosco_types_MOD___copy_
   122: 0000000000017e40  7184 FUNC    GLOBAL DEFAULT   12 __readsetparameters_MOD_s
   123: 0000000000033324     0 FUNC    GLOBAL DEFAULT   13 _fini
   124: 000000000000e650    49 FUNC    GLOBAL DEFAULT   12 __functions_MOD_wrap_360
   125: 000000000000b920   385 FUNC    GLOBAL DEFAULT   12 __rosco_types_MOD___final
   126: 0000000000000000     0 FUNC    GLOBAL DEFAULT  UND _gfortran_ieee_procedure_
   127: 000000000000b480    18 FUNC    GLOBAL DEFAULT   12 __rosco_types_MOD___copy_
   128: 0000000000015030 11778 FUNC    GLOBAL DEFAULT   12 __readsetparameters_MOD_r
   129: 000000000000bab0   385 FUNC    GLOBAL DEFAULT   12 __rosco_types_MOD___final
   130: 000000000003f920    64 OBJECT  GLOBAL DEFAULT   14 __rosco_types_MOD___def_i
   131: 000000000003f980  8544 OBJECT  GLOBAL DEFAULT   14 __rosco_types_MOD___def_i
   132: 0000000000000000     0 FUNC    GLOBAL DEFAULT  UND _gfortran_st_close@@GFORT
   133: 0000000000000000     0 FUNC    GLOBAL DEFAULT  UND malloc@@GLIBC_2.2.5
   134: 000000000000d940   441 FUNC    GLOBAL DEFAULT   12 __filters_MOD_seclpfilter
   135: 0000000000000000     0 FUNC    GLOBAL DEFAULT  UND _gfortran_ieee_procedure_
   136: 0000000000019e40   586 FUNC    GLOBAL DEFAULT   12 __rosco_helpers_MOD_curda
   137: 0000000000022e40  7984 FUNC    GLOBAL DEFAULT   12 __rosco_io_MOD_debug
   138: 0000000000000000     0 FUNC    GLOBAL DEFAULT  UND _gfortran_transfer_charac
   139: 0000000000020010  1857 FUNC    GLOBAL DEFAULT   12 __rosco_helpers_MOD_parse
   140: 0000000000010840   232 FUNC    GLOBAL DEFAULT   12 __functions_MOD_picontrol
   141: 0000000000057d40   152 OBJECT  GLOBAL DEFAULT   24 __rosco_types_MOD___def_i
   142: 0000000000000000     0 FUNC    GLOBAL DEFAULT  UND cos@@GLIBC_2.2.5
   143: 000000000000c360   536 FUNC    GLOBAL DEFAULT   12 __rosco_types_MOD___copy_
   144: 000000000003e8e0  4136 OBJECT  GLOBAL DEFAULT   14 __rosco_types_MOD___def_i
   145: 0000000000000000     0 NOTYPE  GLOBAL DEFAULT  UND dlsym
   146: 000000000000b630   129 FUNC    GLOBAL DEFAULT   12 __rosco_types_MOD___copy_
   147: 0000000000000000     0 FUNC    GLOBAL DEFAULT  UND _gfortran_transfer_intege
   148: 000000000000b520   131 FUNC    GLOBAL DEFAULT   12 __rosco_types_MOD___copy_
   149: 0000000000057de0   792 OBJECT  GLOBAL DEFAULT   24 __rosco_types_MOD___def_i
   150: 0000000000008fd0   162 FUNC    GLOBAL DEFAULT   12 __controllers_MOD_foreaft
   151: 0000000000000000     0 NOTYPE  WEAK   DEFAULT  UND _ITM_deregisterTMCloneTab
   152: 0000000000000000     0 FUNC    GLOBAL DEFAULT  UND fmod@@GLIBC_2.2.5
   153: 0000000000008190   755 FUNC    GLOBAL DEFAULT   12 __controllers_MOD_cableco
   154: 0000000000020760  3109 FUNC    GLOBAL DEFAULT   12 __rosco_helpers_MOD_parse
   155: 0000000000006c30  4635 FUNC    GLOBAL DEFAULT   12 __controllerblocks_MOD_wi
   156: 0000000000000000     0 FUNC    GLOBAL DEFAULT  UND _gfortran_transfer_comple
   157: 0000000000057d20    16 OBJECT  GLOBAL DEFAULT   24 __rosco_types_MOD___def_i
   158: 0000000000006b80   169 FUNC    GLOBAL DEFAULT   12 __controllerblocks_MOD_se
   159: 0000000000000000     0 FUNC    GLOBAL DEFAULT  UND lround@@GLIBC_2.2.5
   160: 0000000000000000     0 FUNC    GLOBAL DEFAULT  UND free@@GLIBC_2.2.5
   161: 0000000000032560  1869 FUNC    GLOBAL DEFAULT   12 __extcontrol_MOD_extcontr
   162: 000000000000b4e0    28 FUNC    GLOBAL DEFAULT   12 __rosco_types_MOD___copy_
   163: 0000000000000000     0 NOTYPE  WEAK   DEFAULT  UND _ITM_registerTMCloneTable
   164: 0000000000000000     0 FUNC    GLOBAL DEFAULT  UND _gfortran_transfer_real@@
   165: 0000000000000000     0 FUNC    GLOBAL DEFAULT  UND _gfortran_transfer_intege
   166: 000000000001b840   120 FUNC    GLOBAL DEFAULT   12 __rosco_helpers_MOD_reade
   167: 0000000000000000     0 FUNC    GLOBAL DEFAULT  UND _gfortran_st_open@@GFORTR
   168: 0000000000000000     0 FUNC    GLOBAL DEFAULT  UND _gfortran_transfer_charac
   169: 000000000001a230   182 FUNC    GLOBAL DEFAULT   12 __rosco_helpers_MOD_int2l
   170: 0000000000000000     0 FUNC    WEAK   DEFAULT  UND __cxa_finalize@@GLIBC_2.2
   171: 000000000001a740  3241 FUNC    GLOBAL DEFAULT   12 __rosco_helpers_MOD_read_
   172: 0000000000000000     0 FUNC    GLOBAL DEFAULT  UND _gfortran_transfer_logica
   173: 000000000001a3d0   216 FUNC    GLOBAL DEFAULT   12 __rosco_helpers_MOD_curti
   174: 000000000000e6d0   280 FUNC    GLOBAL DEFAULT   12 __functions_MOD_colemantr
   175: 0000000000049aa0    56 OBJECT  GLOBAL DEFAULT   19 __rosco_types_MOD___vtab_
   176: 0000000000000000     0 FUNC    GLOBAL DEFAULT  UND _gfortran_date_and_time@@
   177: 0000000000019a50   995 FUNC    GLOBAL DEFAULT   12 __readsetparameters_MOD_r
   178: 0000000000049ba0    56 OBJECT  GLOBAL DEFAULT   19 __rosco_types_MOD___vtab_
   179: 000000000000ec30  1704 FUNC    GLOBAL DEFAULT   12 __functions_MOD_interp1d
   180: 0000000000000000     0 FUNC    GLOBAL DEFAULT  UND _gfortran_select_string@@
   181: 000000000001a2f0    69 FUNC    GLOBAL DEFAULT   12 __rosco_helpers_MOD_conv2
   182: 0000000000000000     0 FUNC    GLOBAL DEFAULT  UND _gfortran_compare_string@
   183: 0000000000000000     0 FUNC    GLOBAL DEFAULT  UND pow@@GLIBC_2.2.5
   184: 000000000001a340   131 FUNC    GLOBAL DEFAULT   12 __rosco_helpers_MOD_nonde
   185: 0000000000049c60    56 OBJECT  GLOBAL DEFAULT   19 __rosco_types_MOD___vtab_
   186: 000000000000b4a0    18 FUNC    GLOBAL DEFAULT   12 __rosco_types_MOD___copy_
   187: 0000000000049b60    56 OBJECT  GLOBAL DEFAULT   19 __rosco_types_MOD___vtab_
   188: 000000000000e9e0   585 FUNC    GLOBAL DEFAULT   12 __functions_MOD_matinv3
   189: 000000000000db00   433 FUNC    GLOBAL DEFAULT   12 __filters_MOD_seclpfilter
   190: 00000000000089e0  1233 FUNC    GLOBAL DEFAULT   12 __controllers_MOD_flapcon
   191: 0000000000000000     0 FUNC    GLOBAL DEFAULT  UND _gfortran_st_rewind@@GFOR
   192: 0000000000000000     0 FUNC    GLOBAL DEFAULT  UND _gfortran_st_read@@GFORTR
   193: 0000000000049c20    56 OBJECT  GLOBAL DEFAULT   19 __rosco_types_MOD___vtab_
   194: 000000000000a940  2741 FUNC    GLOBAL DEFAULT   12 DISCON
   195: 000000000001e2c0  2780 FUNC    GLOBAL DEFAULT   12 __rosco_helpers_MOD_parse
   196: 000000000001bd30  2025 FUNC    GLOBAL DEFAULT   12 __rosco_helpers_MOD_chkpa
   197: 000000000000a090  2209 FUNC    GLOBAL DEFAULT   12 __controllers_MOD_pitchco
   198: 0000000000000000     0 FUNC    GLOBAL DEFAULT  UND _gfortran_string_trim@@GF
   199: 000000000003f960    32 OBJECT  GLOBAL DEFAULT   14 __rosco_types_MOD___def_i
   200: 0000000000049ca0    56 OBJECT  GLOBAL DEFAULT   19 __rosco_types_MOD___vtab_
   201: 0000000000000000     0 FUNC    GLOBAL DEFAULT  UND memmove@@GLIBC_2.2.5
   202: 0000000000000000     0 FUNC    GLOBAL DEFAULT  UND _gfortran_st_write_done@@
   203: 0000000000010630    69 FUNC    GLOBAL DEFAULT   12 __functions_MOD_saturate
   204: 00000000000330c0   609 FUNC    GLOBAL DEFAULT   12 __syssubs_MOD_loaddynamic
   205: 0000000000000000     0 FUNC    GLOBAL DEFAULT  UND _gfortran_transfer_array_
   206: 0000000000021d40  2476 FUNC    GLOBAL DEFAULT   12 __rosco_helpers_MOD_parse
   207: 000000000001eda0  2780 FUNC    GLOBAL DEFAULT   12 __rosco_helpers_MOD_parse
   208: 0000000000014520  2821 FUNC    GLOBAL DEFAULT   12 __readsetparameters_MOD_r
   209: 000000000000e7f0   327 FUNC    GLOBAL DEFAULT   12 __functions_MOD_colemantr
   210: 0000000000010430   503 FUNC    GLOBAL DEFAULT   12 __functions_MOD_aerodynto
   211: 000000000001b6f0   336 FUNC    GLOBAL DEFAULT   12 __rosco_helpers_MOD_getwo
   212: 0000000000000000     0 FUNC    GLOBAL DEFAULT  UND sincos@@GLIBC_2.2.5
   213: 00000000000080f0   158 FUNC    GLOBAL DEFAULT   12 __controllers_MOD_structu
   214: 0000000000009b90  1277 FUNC    GLOBAL DEFAULT   12 __controllers_MOD_variabl
   215: 0000000000000000     0 FUNC    GLOBAL DEFAULT  UND _gfortran_string_scan@@GF
   216: 000000000001c520  3789 FUNC    GLOBAL DEFAULT   12 __rosco_helpers_MOD_parse
   217: 0000000000049a60    56 OBJECT  GLOBAL DEFAULT   19 __rosco_types_MOD___vtab_
   218: 0000000000000000     0 FUNC    GLOBAL DEFAULT  UND lroundf@@GLIBC_2.2.5
   219: 0000000000000000     0 FUNC    GLOBAL DEFAULT  UND _gfortran_string_index@@G
   220: 0000000000058100  3168 OBJECT  GLOBAL DEFAULT   24 __rosco_types_MOD___def_i
   221: 0000000000049ce0    56 OBJECT  GLOBAL DEFAULT   19 __rosco_types_MOD___vtab_
   222: 0000000000000000     0 FUNC    GLOBAL DEFAULT  UND _gfortran_runtime_error@@
   223: 00000000000344c0 41992 OBJECT  GLOBAL DEFAULT   14 __rosco_types_MOD___def_i
   224: 0000000000010680   108 FUNC    GLOBAL DEFAULT   12 __functions_MOD_cpfunctio
   225: 0000000000009080  1849 FUNC    GLOBAL DEFAULT   12 __controllers_MOD_ipc
   226: 000000000000d4f0   447 FUNC    GLOBAL DEFAULT   12 __filters_MOD_notchfilter
   227: 0000000000061be0   192 OBJECT  GLOBAL DEFAULT   24 __rosco_types_MOD___def_i
   228: 00000000000106f0   322 FUNC    GLOBAL DEFAULT   12 __functions_MOD_piicontro
   229: 0000000000000000     0 FUNC    GLOBAL DEFAULT  UND memcmp@@GLIBC_2.2.5
   230: 000000000000b5b0   128 FUNC    GLOBAL DEFAULT   12 __rosco_types_MOD___copy_
   231: 0000000000049d20    56 OBJECT  GLOBAL DEFAULT   19 __rosco_types_MOD___vtab_
   232: 0000000000049ae0    56 OBJECT  GLOBAL DEFAULT   19 __rosco_types_MOD___vtab_
   233: 0000000000034320   392 OBJECT  GLOBAL DEFAULT   14 __rosco_types_MOD___def_i
   234: 000000000001a4b0   652 FUNC    GLOBAL DEFAULT   12 __rosco_helpers_MOD_getne
   235: 0000000000049be0    56 OBJECT  GLOBAL DEFAULT   19 __rosco_types_MOD___vtab_
   236: 000000000000e940   151 FUNC    GLOBAL DEFAULT   12 __functions_MOD_identity
   237: 000000000001b470   353 FUNC    GLOBAL DEFAULT   12 __rosco_helpers_MOD_getro
   238: 000000000000dcc0   250 FUNC    GLOBAL DEFAULT   12 __filters_MOD_lpfilter
   239: 00000000000109e0 15159 FUNC    GLOBAL DEFAULT   12 __readsetparameters_MOD_c
   240: 0000000000000000     0 FUNC    GLOBAL DEFAULT  UND _gfortran_os_error@@GFORT
   241: 00000000000097c0   961 FUNC    GLOBAL DEFAULT   12 __controllers_MOD_yawrate
   242: 000000000000b4c0    17 FUNC    GLOBAL DEFAULT   12 __rosco_types_MOD___copy_
   243: 000000000000b400     8 FUNC    GLOBAL DEFAULT   12 __rosco_types_MOD___copy_
   244: 0000000000000000     0 FUNC    GLOBAL DEFAULT  UND _gfortran_transfer_logica
   245: 000000000000b410   100 FUNC    GLOBAL DEFAULT   12 __rosco_types_MOD___copy_
   246: 0000000000000000     0 FUNC    GLOBAL DEFAULT  UND realloc@@GLIBC_2.2.5
   247: 0000000000006a30   327 FUNC    GLOBAL DEFAULT   12 __controllerblocks_MOD_pi
   248: 0000000000008490  1353 FUNC    GLOBAL DEFAULT   12 __controllers_MOD_activew
   249: 000000000001b5e0   266 FUNC    GLOBAL DEFAULT   12 __rosco_helpers_MOD_getpa
   250: 000000000001b3f0   118 FUNC    GLOBAL DEFAULT   12 __rosco_helpers_MOD_pathi
   251: 0000000000007f70   379 FUNC    GLOBAL DEFAULT   12 __controllerblocks_MOD_co
   252: 0000000000000000     0 FUNC    GLOBAL DEFAULT  UND cexp@@GLIBC_2.2.5
   253: 0000000000010930   171 FUNC    GLOBAL DEFAULT   12 __functions_MOD_ratelimit
   254: 0000000000000000     0 FUNC    GLOBAL DEFAULT  UND _gfortran_st_write@@GFORT
   255: 0000000000007e50   288 FUNC    GLOBAL DEFAULT   12 __controllerblocks_MOD_st
   256: 0000000000000000     0 FUNC    GLOBAL DEFAULT  UND _gfortran_adjustl@@GFORTR
   257: 0000000000058d60    32 OBJECT  GLOBAL DEFAULT   24 __rosco_types_MOD___def_i
   258: 000000000000e460   487 FUNC    GLOBAL DEFAULT   12 __functions_MOD_sigma
   259: 0000000000000000     0 FUNC    GLOBAL DEFAULT  UND _gfortran_transfer_array@
   260: 0000000000000000     0 NOTYPE  GLOBAL DEFAULT  UND dlopen
   261: 0000000000000000     0 FUNC    GLOBAL DEFAULT  UND memcpy@@GLIBC_2.14
   262: 0000000000024d70 27568 FUNC    GLOBAL DEFAULT   12 __rosco_io_MOD_readrestar
   263: 0000000000032240   795 FUNC    GLOBAL DEFAULT   12 __zeromqinterface_MOD_upd
   264: 000000000001d3f0  3789 FUNC    GLOBAL DEFAULT   12 __rosco_helpers_MOD_parse
   265: 0000000000000000     0 NOTYPE  GLOBAL DEFAULT  UND dlclose
   266: 0000000000006000     0 FUNC    GLOBAL DEFAULT    9 _init
   267: 000000000000c580  3939 FUNC    GLOBAL DEFAULT   12 __rosco_types_MOD___copy_
   268: 000000000000b730   481 FUNC    GLOBAL DEFAULT   12 __rosco_types_MOD___final

Histogram for bucket list length (total of 131 buckets):
 Length  Number     % of total  Coverage
      0  66         ( 50.4%)
      1  38         ( 29.0%)     38.0%
      2  20         ( 15.3%)     78.0%
      3  6          (  4.6%)     96.0%
      4  1          (  0.8%)    100.0%

Histogram for `.gnu.hash' bucket list length (total of 97 buckets):
 Length  Number     % of total  Coverage
      0  24         ( 24.7%)
      1  39         ( 40.2%)     31.7%
      2  25         ( 25.8%)     72.4%
      3  4          (  4.1%)     82.1%
      4  3          (  3.1%)     91.9%
      5  2          (  2.1%)    100.0%

Version symbols section '.gnu.version' contains 182 entries:
 Addr: 000000000000343c  Offset: 0x00343c  Link: 3 (.dynsym)
  000:   0 (*local*)       2 (GFORTRAN_8)    3 (GLIBC_2.2.5)   2 (GFORTRAN_8) 
  004:   3 (GLIBC_2.2.5)   4 (GLIBC_2.2.5)   2 (GFORTRAN_8)    2 (GFORTRAN_8) 
  008:   2 (GFORTRAN_8)    2 (GFORTRAN_8)    0 (*local*)       2 (GFORTRAN_8) 
  00c:   2 (GFORTRAN_8)    2 (GFORTRAN_8)    2 (GFORTRAN_8)    4 (GLIBC_2.2.5)
  010:   2 (GFORTRAN_8)    2 (GFORTRAN_8)    3 (GLIBC_2.2.5)   0 (*local*)    
  014:   2 (GFORTRAN_8)    0 (*local*)       3 (GLIBC_2.2.5)   2 (GFORTRAN_8) 
  018:   3 (GLIBC_2.2.5)   4 (GLIBC_2.2.5)   0 (*local*)       2 (GFORTRAN_8) 
  01c:   2 (GFORTRAN_8)    2 (GFORTRAN_8)    2 (GFORTRAN_8)    4 (GLIBC_2.2.5)
  020:   2 (GFORTRAN_8)    2 (GFORTRAN_8)    2 (GFORTRAN_8)    2 (GFORTRAN_8) 
  024:   3 (GLIBC_2.2.5)   2 (GFORTRAN_8)    2 (GFORTRAN_8)    2 (GFORTRAN_8) 
  028:   4 (GLIBC_2.2.5)   2 (GFORTRAN_8)    2 (GFORTRAN_8)    3 (GLIBC_2.2.5)
  02c:   2 (GFORTRAN_8)    3 (GLIBC_2.2.5)   2 (GFORTRAN_8)    2 (GFORTRAN_8) 
  030:   4 (GLIBC_2.2.5)   2 (GFORTRAN_8)    2 (GFORTRAN_8)    4 (GLIBC_2.2.5)
  034:   3 (GLIBC_2.2.5)   2 (GFORTRAN_8)    2 (GFORTRAN_8)    2 (GFORTRAN_8) 
  038:   0 (*local*)       5 (GLIBC_2.14)    0 (*local*)       1 (*global*)   
  03c:   1 (*global*)      1 (*global*)      1 (*global*)      1 (*global*)   
  040:   1 (*global*)      1 (*global*)      1 (*global*)      1 (*global*)   
  044:   1 (*global*)      1 (*global*)      1 (*global*)      1 (*global*)   
  048:   1 (*global*)      1 (*global*)      1 (*global*)      1 (*global*)   
  04c:   1 (*global*)      1 (*global*)      1 (*global*)      1 (*global*)   
  050:   1 (*global*)      1 (*global*)      1 (*global*)      1 (*global*)   
  054:   1 (*global*)      1 (*global*)      1 (*global*)      1 (*global*)   
  058:   1 (*global*)      1 (*global*)      1 (*global*)      1 (*global*)   
  05c:   1 (*global*)      1 (*global*)      1 (*global*)      1 (*global*)   
  060:   1 (*global*)      1 (*global*)      1 (*global*)      1 (*global*)   
  064:   1 (*global*)      1 (*global*)      1 (*global*)      1 (*global*)   
  068:   1 (*global*)      1 (*global*)      1 (*global*)      1 (*global*)   
  06c:   1 (*global*)      1 (*global*)      1 (*global*)      1 (*global*)   
  070:   1 (*global*)      1 (*global*)      1 (*global*)      1 (*global*)   
  074:   1 (*global*)      1 (*global*)      1 (*global*)      1 (*global*)   
  078:   1 (*global*)      1 (*global*)      1 (*global*)      1 (*global*)   
  07c:   1 (*global*)      1 (*global*)      1 (*global*)      1 (*global*)   
  080:   1 (*global*)      1 (*global*)      1 (*global*)      1 (*global*)   
  084:   1 (*global*)      1 (*global*)      1 (*global*)      1 (*global*)   
  088:   1 (*global*)      1 (*global*)      1 (*global*)      1 (*global*)   
  08c:   1 (*global*)      1 (*global*)      1 (*global*)      1 (*global*)   
  090:   1 (*global*)      1 (*global*)      1 (*global*)      1 (*global*)   
  094:   1 (*global*)      1 (*global*)      1 (*global*)      1 (*global*)   
  098:   1 (*global*)      1 (*global*)      1 (*global*)      1 (*global*)   
  09c:   1 (*global*)      1 (*global*)      1 (*global*)      1 (*global*)   
  0a0:   1 (*global*)      1 (*global*)      1 (*global*)      1 (*global*)   
  0a4:   1 (*global*)      1 (*global*)      1 (*global*)      1 (*global*)   
  0a8:   1 (*global*)      1 (*global*)      1 (*global*)      1 (*global*)   
  0ac:   1 (*global*)      1 (*global*)      1 (*global*)      1 (*global*)   
  0b0:   1 (*global*)      1 (*global*)      1 (*global*)      1 (*global*)   
  0b4:   1 (*global*)      1 (*global*)   

Version needs section '.gnu.version_r' contains 3 entries:
 Addr: 0x00000000000035a8  Offset: 0x0035a8  Link: 4 (.dynstr)
  000000: Version: 1  File: libc.so.6  Cnt: 2
  0x0010:   Name: GLIBC_2.14  Flags: none  Version: 5
  0x0020:   Name: GLIBC_2.2.5  Flags: none  Version: 4
  0x0030: Version: 1  File: libm.so.6  Cnt: 1
  0x0040:   Name: GLIBC_2.2.5  Flags: none  Version: 3
  0x0050: Version: 1  File: libgfortran.so.5  Cnt: 1
  0x0060:   Name: GFORTRAN_8  Flags: none  Version: 2
